#-----------------------------------------------------------
# Vivado v2023.2 (64-bit)
# SW Build 4029153 on Fri Oct 13 20:14:34 MDT 2023
# IP Build 4028589 on Sat Oct 14 00:45:43 MDT 2023
# SharedData Build 4025554 on Tue Oct 10 17:18:54 MDT 2023
# Start of session at: Sat Jun  8 20:41:59 2024
# Process ID: 10976
# Current directory: C:/Users/admin/Documents/FPGA/FPGA-Pac-Man/pacman
# Command line: vivado.exe -gui_launcher_event rodinguilauncherevent1732 C:\Users\admin\Documents\FPGA\FPGA-Pac-Man\pacman\pacman.xpr
# Log file: C:/Users/admin/Documents/FPGA/FPGA-Pac-Man/pacman/vivado.log
# Journal file: C:/Users/admin/Documents/FPGA/FPGA-Pac-Man/pacman\vivado.jou
# Running On: DESKTOP-MJV8M7M, OS: Windows, CPU Frequency: 2592 MHz, CPU Physical cores: 6, Host memory: 12679 MB
#-----------------------------------------------------------
start_gui
open_project C:/Users/admin/Documents/FPGA/FPGA-Pac-Man/pacman/pacman.xpr
WARNING: [Board 49-26] cannot add Board Part xilinx.com:kc705:part0:1.6 available at C:/Vivado/2023.2/data/xhub/boards/XilinxBoardStore/boards/Xilinx/kc705/1.6/board.xml as part xc7k325tffg900-2 specified in board_part file is either invalid or not available
WARNING: [Board 49-26] cannot add Board Part xilinx.com:kcu105:part0:1.6 available at C:/Vivado/2023.2/data/xhub/boards/XilinxBoardStore/boards/Xilinx/kcu105/1.6/board.xml as part xcku040-ffva1156-2-e specified in board_part file is either invalid or not available
WARNING: [Board 49-26] cannot add Board Part xilinx.com:kcu105:part0:1.7 available at C:/Vivado/2023.2/data/xhub/boards/XilinxBoardStore/boards/Xilinx/kcu105/1.7/board.xml as part xcku040-ffva1156-2-e specified in board_part file is either invalid or not available
WARNING: [Board 49-26] cannot add Board Part xilinx.com:kcu116:part0:1.4 available at C:/Vivado/2023.2/data/xhub/boards/XilinxBoardStore/boards/Xilinx/kcu116/1.4/board.xml as part xcku5p-ffvb676-2-e specified in board_part file is either invalid or not available
WARNING: [Board 49-26] cannot add Board Part xilinx.com:kcu116:part0:1.5 available at C:/Vivado/2023.2/data/xhub/boards/XilinxBoardStore/boards/Xilinx/kcu116/1.5/board.xml as part xcku5p-ffvb676-2-e specified in board_part file is either invalid or not available
WARNING: [Board 49-26] cannot add Board Part xilinx.com:kcu1500:part0:1.2 available at C:/Vivado/2023.2/data/xhub/boards/XilinxBoardStore/boards/Xilinx/kcu1500/1.2/board.xml as part xcku115-flvb2104-2-e specified in board_part file is either invalid or not available
WARNING: [Board 49-26] cannot add Board Part xilinx.com:sp701:part0:1.0 available at C:/Vivado/2023.2/data/xhub/boards/XilinxBoardStore/boards/Xilinx/sp701/1.0/board.xml as part xc7s100fgga676-2 specified in board_part file is either invalid or not available
WARNING: [Board 49-26] cannot add Board Part xilinx.com:sp701:part0:1.1 available at C:/Vivado/2023.2/data/xhub/boards/XilinxBoardStore/boards/Xilinx/sp701/1.1/board.xml as part xc7s100fgga676-2 specified in board_part file is either invalid or not available
WARNING: [Board 49-26] cannot add Board Part xilinx.com:vc707:part0:1.4 available at C:/Vivado/2023.2/data/xhub/boards/XilinxBoardStore/boards/Xilinx/vc707/1.4/board.xml as part xc7vx485tffg1761-2 specified in board_part file is either invalid or not available
WARNING: [Board 49-26] cannot add Board Part xilinx.com:vc709:part0:1.8 available at C:/Vivado/2023.2/data/xhub/boards/XilinxBoardStore/boards/Xilinx/vc709/1.8/board.xml as part xc7vx690tffg1761-2 specified in board_part file is either invalid or not available
WARNING: [Board 49-26] cannot add Board Part xilinx.com:vck190:part0:2.2 available at C:/Vivado/2023.2/data/xhub/boards/XilinxBoardStore/boards/Xilinx/vck190/production/2.2/board.xml as part xcvc1902-vsva2197-2mp-e-s specified in board_part file is either invalid or not available
WARNING: [Board 49-26] cannot add Board Part xilinx.com:vck190:part0:3.0 available at C:/Vivado/2023.2/data/xhub/boards/XilinxBoardStore/boards/Xilinx/vck190/production/3.0/board.xml as part xcvc1902-vsva2197-2mp-e-s specified in board_part file is either invalid or not available
WARNING: [Board 49-26] cannot add Board Part xilinx.com:vck190:part0:3.1 available at C:/Vivado/2023.2/data/xhub/boards/XilinxBoardStore/boards/Xilinx/vck190/production/3.1/board.xml as part xcvc1902-vsva2197-2mp-e-s specified in board_part file is either invalid or not available
WARNING: [Board 49-26] cannot add Board Part xilinx.com:vck190:part0:3.2 available at C:/Vivado/2023.2/data/xhub/boards/XilinxBoardStore/boards/Xilinx/vck190/production/3.2/board.xml as part xcvc1902-vsva2197-2mp-e-s specified in board_part file is either invalid or not available
WARNING: [Board 49-26] cannot add Board Part xilinx.com:vck190_newl:part0:1.0 available at C:/Vivado/2023.2/data/xhub/boards/XilinxBoardStore/boards/Xilinx/vck190_newl/production/1.0/board.xml as part xcvc1902-vsva2197-2mp-e-s specified in board_part file is either invalid or not available
WARNING: [Board 49-26] cannot add Board Part xilinx.com:vck190_newl:part0:1.1 available at C:/Vivado/2023.2/data/xhub/boards/XilinxBoardStore/boards/Xilinx/vck190_newl/production/1.1/board.xml as part xcvc1902-vsva2197-2mp-e-s specified in board_part file is either invalid or not available
WARNING: [Board 49-26] cannot add Board Part xilinx.com:vcu108:part0:1.6 available at C:/Vivado/2023.2/data/xhub/boards/XilinxBoardStore/boards/Xilinx/vcu108/1.6/board.xml as part xcvu095-ffva2104-2-e specified in board_part file is either invalid or not available
WARNING: [Board 49-26] cannot add Board Part xilinx.com:vcu108:part0:1.7 available at C:/Vivado/2023.2/data/xhub/boards/XilinxBoardStore/boards/Xilinx/vcu108/1.7/board.xml as part xcvu095-ffva2104-2-e specified in board_part file is either invalid or not available
WARNING: [Board 49-26] cannot add Board Part xilinx.com:vcu110:part0:1.4 available at C:/Vivado/2023.2/data/xhub/boards/XilinxBoardStore/boards/Xilinx/vcu110/1.4/board.xml as part xcvu190-flgc2104-2-e specified in board_part file is either invalid or not available
WARNING: [Board 49-26] cannot add Board Part xilinx.com:vcu118:part0:2.0 available at C:/Vivado/2023.2/data/xhub/boards/XilinxBoardStore/boards/Xilinx/vcu118/2.0/board.xml as part xcvu9p-flga2104-2l-e specified in board_part file is either invalid or not available
WARNING: [Board 49-26] cannot add Board Part xilinx.com:vcu118:part0:2.3 available at C:/Vivado/2023.2/data/xhub/boards/XilinxBoardStore/boards/Xilinx/vcu118/2.3/board.xml as part xcvu9p-flga2104-2l-e specified in board_part file is either invalid or not available
WARNING: [Board 49-26] cannot add Board Part xilinx.com:vcu118:part0:2.4 available at C:/Vivado/2023.2/data/xhub/boards/XilinxBoardStore/boards/Xilinx/vcu118/2.4/board.xml as part xcvu9p-flga2104-2l-e specified in board_part file is either invalid or not available
WARNING: [Board 49-26] cannot add Board Part xilinx.com:vcu128:part0:1.0 available at C:/Vivado/2023.2/data/xhub/boards/XilinxBoardStore/boards/Xilinx/vcu128/production/1.0/board.xml as part xcvu37p-fsvh2892-2l-e specified in board_part file is either invalid or not available
WARNING: [Board 49-26] cannot add Board Part xilinx.com:vcu129:part0:1.0 available at C:/Vivado/2023.2/data/xhub/boards/XilinxBoardStore/boards/Xilinx/vcu129/production/1.0/board.xml as part xcvu29p-fsga2577-2l-e specified in board_part file is either invalid or not available
WARNING: [Board 49-26] cannot add Board Part xilinx.com:vcu1525:part0:1.3 available at C:/Vivado/2023.2/data/xhub/boards/XilinxBoardStore/boards/Xilinx/vcu1525/1.3/board.xml as part xcvu9p-fsgd2104-2l-e specified in board_part file is either invalid or not available
WARNING: [Board 49-26] cannot add Board Part xilinx.com:vek280:part0:1.0 available at C:/Vivado/2023.2/data/xhub/boards/XilinxBoardStore/boards/Xilinx/vek280/production/1.0/board.xml as part xcve2802-vsvh1760-2mp-e-s specified in board_part file is either invalid or not available
WARNING: [Board 49-26] cannot add Board Part xilinx.com:vek280_es:part0:1.0 available at C:/Vivado/2023.2/data/xhub/boards/XilinxBoardStore/boards/Xilinx/vek280/es/rev_a/1.0/board.xml as part xcve2802-vsvh1760-2lp-e-s-es1 specified in board_part file is either invalid or not available
WARNING: [Board 49-26] cannot add Board Part xilinx.com:vek280_es:part0:1.1 available at C:/Vivado/2023.2/data/xhub/boards/XilinxBoardStore/boards/Xilinx/vek280/es/rev_a/1.1/board.xml as part xcve2802-vsvh1760-2lp-e-s-es1 specified in board_part file is either invalid or not available
WARNING: [Board 49-26] cannot add Board Part xilinx.com:vek280_es_revb:part0:1.0 available at C:/Vivado/2023.2/data/xhub/boards/XilinxBoardStore/boards/Xilinx/vek280/es/rev_b/1.0/board.xml as part xcve2802-vsvh1760-2mp-e-s-es1 specified in board_part file is either invalid or not available
WARNING: [Board 49-26] cannot add Board Part xilinx.com:vek280_es_revb:part0:1.1 available at C:/Vivado/2023.2/data/xhub/boards/XilinxBoardStore/boards/Xilinx/vek280/es/rev_b/1.1/board.xml as part xcve2802-vsvh1760-2mp-e-s-es1 specified in board_part file is either invalid or not available
WARNING: [Board 49-26] cannot add Board Part xilinx.com:vermeo_t1_mpsoc:part0:1.0 available at C:/Vivado/2023.2/data/xhub/boards/XilinxBoardStore/boards/Xilinx/vermeo_t1_mpsoc/1.0/board.xml as part xczu19eg-ffvd1760-2l-e specified in board_part file is either invalid or not available
WARNING: [Board 49-26] cannot add Board Part xilinx.com:vermeo_t1_rfsoc:part0:1.0 available at C:/Vivado/2023.2/data/xhub/boards/XilinxBoardStore/boards/Xilinx/vermeo_t1_rfsoc/1.0/board.xml as part xczu21dr-ffvd1156-2l-e specified in board_part file is either invalid or not available
WARNING: [Board 49-26] cannot add Board Part xilinx.com:vhk158:part0:1.0 available at C:/Vivado/2023.2/data/xhub/boards/XilinxBoardStore/boards/Xilinx/vhk158/production/1.0/board.xml as part xcvh1582-vsva3697-2mp-e-s specified in board_part file is either invalid or not available
WARNING: [Board 49-26] cannot add Board Part xilinx.com:vhk158:part0:1.1 available at C:/Vivado/2023.2/data/xhub/boards/XilinxBoardStore/boards/Xilinx/vhk158/production/1.1/board.xml as part xcvh1582-vsva3697-2mp-e-s specified in board_part file is either invalid or not available
WARNING: [Board 49-26] cannot add Board Part xilinx.com:vhk158_es:part0:1.0 available at C:/Vivado/2023.2/data/xhub/boards/XilinxBoardStore/boards/Xilinx/vhk158/es/1.0/board.xml as part xcvh1582-vsva3697-2mp-e-s-es1 specified in board_part file is either invalid or not available
WARNING: [Board 49-26] cannot add Board Part xilinx.com:vhk158_es:part0:1.1 available at C:/Vivado/2023.2/data/xhub/boards/XilinxBoardStore/boards/Xilinx/vhk158/es/1.1/board.xml as part xcvh1582-vsva3697-2mp-e-s-es1 specified in board_part file is either invalid or not available
WARNING: [Board 49-26] cannot add Board Part xilinx.com:vmk180:part0:2.2 available at C:/Vivado/2023.2/data/xhub/boards/XilinxBoardStore/boards/Xilinx/vmk180/production/2.2/board.xml as part xcvm1802-vsva2197-2mp-e-s specified in board_part file is either invalid or not available
WARNING: [Board 49-26] cannot add Board Part xilinx.com:vmk180:part0:3.0 available at C:/Vivado/2023.2/data/xhub/boards/XilinxBoardStore/boards/Xilinx/vmk180/production/3.0/board.xml as part xcvm1802-vsva2197-2mp-e-s specified in board_part file is either invalid or not available
WARNING: [Board 49-26] cannot add Board Part xilinx.com:vmk180:part0:3.1 available at C:/Vivado/2023.2/data/xhub/boards/XilinxBoardStore/boards/Xilinx/vmk180/production/3.1/board.xml as part xcvm1802-vsva2197-2mp-e-s specified in board_part file is either invalid or not available
WARNING: [Board 49-26] cannot add Board Part xilinx.com:vmk180:part0:3.2 available at C:/Vivado/2023.2/data/xhub/boards/XilinxBoardStore/boards/Xilinx/vmk180/production/3.2/board.xml as part xcvm1802-vsva2197-2mp-e-s specified in board_part file is either invalid or not available
WARNING: [Board 49-26] cannot add Board Part xilinx.com:vmk180_newl:part0:1.0 available at C:/Vivado/2023.2/data/xhub/boards/XilinxBoardStore/boards/Xilinx/vmk180_newl/production/1.0/board.xml as part xcvm1802-vsva2197-2mp-e-s specified in board_part file is either invalid or not available
WARNING: [Board 49-26] cannot add Board Part xilinx.com:vmk180_newl:part0:1.1 available at C:/Vivado/2023.2/data/xhub/boards/XilinxBoardStore/boards/Xilinx/vmk180_newl/production/1.1/board.xml as part xcvm1802-vsva2197-2mp-e-s specified in board_part file is either invalid or not available
WARNING: [Board 49-26] cannot add Board Part xilinx.com:vpk120:part0:1.0 available at C:/Vivado/2023.2/data/xhub/boards/XilinxBoardStore/boards/Xilinx/vpk120/production/1.0/board.xml as part xcvp1202-vsva2785-2mp-e-s specified in board_part file is either invalid or not available
WARNING: [Board 49-26] cannot add Board Part xilinx.com:vpk120:part0:1.1 available at C:/Vivado/2023.2/data/xhub/boards/XilinxBoardStore/boards/Xilinx/vpk120/production/1.1/board.xml as part xcvp1202-vsva2785-2mp-e-s specified in board_part file is either invalid or not available
WARNING: [Board 49-26] cannot add Board Part xilinx.com:vpk120:part0:1.2 available at C:/Vivado/2023.2/data/xhub/boards/XilinxBoardStore/boards/Xilinx/vpk120/production/1.2/board.xml as part xcvp1202-vsva2785-2mp-e-s specified in board_part file is either invalid or not available
WARNING: [Board 49-26] cannot add Board Part xilinx.com:vpk180:part0:1.0 available at C:/Vivado/2023.2/data/xhub/boards/XilinxBoardStore/boards/Xilinx/vpk180/production/1.0/board.xml as part xcvp1802-lsvc4072-2mp-e-s specified in board_part file is either invalid or not available
WARNING: [Board 49-26] cannot add Board Part xilinx.com:vpk180:part0:1.1 available at C:/Vivado/2023.2/data/xhub/boards/XilinxBoardStore/boards/Xilinx/vpk180/production/1.1/board.xml as part xcvp1802-lsvc4072-2mp-e-s specified in board_part file is either invalid or not available
WARNING: [Board 49-26] cannot add Board Part xilinx.com:zc702:part0:1.4 available at C:/Vivado/2023.2/data/xhub/boards/XilinxBoardStore/boards/Xilinx/zc702/1.4/board.xml as part xc7z020clg484-1 specified in board_part file is either invalid or not available
WARNING: [Board 49-26] cannot add Board Part xilinx.com:zc706:part0:1.4 available at C:/Vivado/2023.2/data/xhub/boards/XilinxBoardStore/boards/Xilinx/zc706/1.4/board.xml as part xc7z045ffg900-2 specified in board_part file is either invalid or not available
WARNING: [Board 49-26] cannot add Board Part xilinx.com:zcu102:part0:3.3 available at C:/Vivado/2023.2/data/xhub/boards/XilinxBoardStore/boards/Xilinx/zcu102/3.3/board.xml as part xczu9eg-ffvb1156-2-e specified in board_part file is either invalid or not available
WARNING: [Board 49-26] cannot add Board Part xilinx.com:zcu102:part0:3.4 available at C:/Vivado/2023.2/data/xhub/boards/XilinxBoardStore/boards/Xilinx/zcu102/3.4/board.xml as part xczu9eg-ffvb1156-2-e specified in board_part file is either invalid or not available
WARNING: [Board 49-26] cannot add Board Part xilinx.com:zcu104:part0:1.1 available at C:/Vivado/2023.2/data/xhub/boards/XilinxBoardStore/boards/Xilinx/zcu104/1.1/board.xml as part xczu7ev-ffvc1156-2-e specified in board_part file is either invalid or not available
WARNING: [Board 49-26] cannot add Board Part xilinx.com:zcu106:part0:2.4 available at C:/Vivado/2023.2/data/xhub/boards/XilinxBoardStore/boards/Xilinx/zcu106/2.4/board.xml as part xczu7ev-ffvc1156-2-e specified in board_part file is either invalid or not available
WARNING: [Board 49-26] cannot add Board Part xilinx.com:zcu106:part0:2.5 available at C:/Vivado/2023.2/data/xhub/boards/XilinxBoardStore/boards/Xilinx/zcu106/2.5/board.xml as part xczu7ev-ffvc1156-2-e specified in board_part file is either invalid or not available
WARNING: [Board 49-26] cannot add Board Part xilinx.com:zcu106:part0:2.6 available at C:/Vivado/2023.2/data/xhub/boards/XilinxBoardStore/boards/Xilinx/zcu106/2.6/board.xml as part xczu7ev-ffvc1156-2-e specified in board_part file is either invalid or not available
WARNING: [Board 49-26] cannot add Board Part xilinx.com:zcu111:part0:1.2 available at C:/Vivado/2023.2/data/xhub/boards/XilinxBoardStore/boards/Xilinx/zcu111/1.2/board.xml as part xczu28dr-ffvg1517-2-e specified in board_part file is either invalid or not available
WARNING: [Board 49-26] cannot add Board Part xilinx.com:zcu111:part0:1.3 available at C:/Vivado/2023.2/data/xhub/boards/XilinxBoardStore/boards/Xilinx/zcu111/1.3/board.xml as part xczu28dr-ffvg1517-2-e specified in board_part file is either invalid or not available
WARNING: [Board 49-26] cannot add Board Part xilinx.com:zcu111:part0:1.4 available at C:/Vivado/2023.2/data/xhub/boards/XilinxBoardStore/boards/Xilinx/zcu111/1.4/board.xml as part xczu28dr-ffvg1517-2-e specified in board_part file is either invalid or not available
WARNING: [Board 49-26] cannot add Board Part xilinx.com:zcu1275:part0:1.0 available at C:/Vivado/2023.2/data/xhub/boards/XilinxBoardStore/boards/Xilinx/zcu1275/1.0/board.xml as part xczu29dr-ffvf1760-2-e specified in board_part file is either invalid or not available
WARNING: [Board 49-26] cannot add Board Part xilinx.com:zcu1285:part0:1.0 available at C:/Vivado/2023.2/data/xhub/boards/XilinxBoardStore/boards/Xilinx/zcu1285/1.0/board.xml as part xczu39dr-ffvf1760-2-i specified in board_part file is either invalid or not available
WARNING: [Board 49-26] cannot add Board Part xilinx.com:zcu208:part0:2.0 available at C:/Vivado/2023.2/data/xhub/boards/XilinxBoardStore/boards/Xilinx/zcu208/production/2.0/board.xml as part xczu48dr-fsvg1517-2-e specified in board_part file is either invalid or not available
WARNING: [Board 49-26] cannot add Board Part xilinx.com:zcu208ld:part0:2.0 available at C:/Vivado/2023.2/data/xhub/boards/XilinxBoardStore/boards/Xilinx/zcu208ld/production/2.0/board.xml as part xczu58dr-fsvg1517-2-i specified in board_part file is either invalid or not available
WARNING: [Board 49-26] cannot add Board Part xilinx.com:zcu216:part0:2.0 available at C:/Vivado/2023.2/data/xhub/boards/XilinxBoardStore/boards/Xilinx/zcu216/production/2.0/board.xml as part xczu49dr-ffvf1760-2-e specified in board_part file is either invalid or not available
WARNING: [Board 49-26] cannot add Board Part xilinx.com:zcu216ld:part0:2.0 available at C:/Vivado/2023.2/data/xhub/boards/XilinxBoardStore/boards/Xilinx/zcu216ld/production/2.0/board.xml as part xczu59dr-ffvf1760-2-i specified in board_part file is either invalid or not available
WARNING: [Board 49-26] cannot add Board Part xilinx.com:zcu670:part0:2.0 available at C:/Vivado/2023.2/data/xhub/boards/XilinxBoardStore/boards/Xilinx/zcu670/2.0/board.xml as part xczu67dr-fsve1156-2-i specified in board_part file is either invalid or not available
WARNING: [Board 49-26] cannot add Board Part xilinx.com:zcu670ld:part0:1.0 available at C:/Vivado/2023.2/data/xhub/boards/XilinxBoardStore/boards/Xilinx/zcu670ld/1.0/board.xml as part xczu57dr-fsve1156-2-i specified in board_part file is either invalid or not available
INFO: [Project 1-313] Project file moved from 'C:/Users/admin/Documents/FPGA/PacMan' since last save.
INFO: [filemgmt 56-1] Board Part Repository Path: Directory not found as 'C:/Users/admin/Documents/AppData/Roaming/Xilinx/Vivado/2023.2/xhub/board_store/xilinx_board_store'; using path 'C:/Users/admin/AppData/Roaming/Xilinx/Vivado/2023.2/xhub/board_store/xilinx_board_store' instead.
INFO: [filemgmt 56-3] Default IP Output Path : Could not find the directory 'C:/Users/admin/Documents/FPGA/FPGA-Pac-Man/pacman/pacman.gen/sources_1'.
WARNING: [Project 1-312] File not found as 'C:/Users/admin/Documents/FPGA/FPGA-Pac-Man/pacman/pacman.srcs/utils_1/imports/synth_1/display_cache.dcp'; using path 'C:/Users/admin/Documents/FPGA/PacMan/PacMan.srcs/utils_1/imports/synth_1/display_cache.dcp' instead.
Scanning sources...
Finished scanning sources
WARNING: [Project 1-312] File not found as 'C:/Users/admin/Documents/FPGA/FPGA-Pac-Man/pacman/pacman.srcs/utils_1/imports/synth_1/display_cache.dcp'; using path 'C:/Users/admin/Documents/FPGA/PacMan/PacMan.srcs/utils_1/imports/synth_1/display_cache.dcp' instead.
INFO: [IP_Flow 19-234] Refreshing IP repositories
INFO: [IP_Flow 19-1704] No user IP repositories specified
INFO: [IP_Flow 19-2313] Loaded Vivado IP repository 'C:/Vivado/2023.2/data/ip'.
open_project: Time (s): cpu = 00:00:21 ; elapsed = 00:00:09 . Memory (MB): peak = 1469.867 ; gain = 249.812
update_compile_order -fileset sources_1
WARNING: [filemgmt 56-199] Attempt to get parsing info during refresh. "On-the-fly" syntax checking information may be incorrect. [C:\Users\admin\Documents\FPGA\FPGA-Pac-Man\pacman\pacman.srcs\sources_1\new\Display\board\pacman_ROM_address_decoder.v:]
WARNING: [filemgmt 56-199] Attempt to get parsing info during refresh. "On-the-fly" syntax checking information may be incorrect. [C:\Users\admin\Documents\FPGA\FPGA-Pac-Man\pacman\pacman.srcs\sources_1\new\Display\board\eat_score_ROM_address_decoder.v:]
WARNING: [filemgmt 56-199] Attempt to get parsing info during refresh. "On-the-fly" syntax checking information may be incorrect. [C:\Users\admin\Documents\FPGA\FPGA-Pac-Man\pacman\pacman.srcs\sources_1\new\Display\board\fruit_ROM.v:]
WARNING: [filemgmt 56-199] Attempt to get parsing info during refresh. "On-the-fly" syntax checking information may be incorrect. [C:\Users\admin\Documents\FPGA\FPGA-Pac-Man\pacman\pacman.srcs\sources_1\new\Display\board\fruit_ROM_address_decoder.v:]
WARNING: [filemgmt 56-199] Attempt to get parsing info during refresh. "On-the-fly" syntax checking information may be incorrect. [C:\Users\admin\Documents\FPGA\FPGA-Pac-Man\pacman\pacman.srcs\sources_1\new\Display\board\ghost_ROM.v:]
WARNING: [filemgmt 56-199] Attempt to get parsing info during refresh. "On-the-fly" syntax checking information may be incorrect. [C:\Users\admin\Documents\FPGA\FPGA-Pac-Man\pacman\pacman.srcs\sources_1\new\Display\board\ghost_ROM_address_decoder.v:]
WARNING: [filemgmt 56-199] Attempt to get parsing info during refresh. "On-the-fly" syntax checking information may be incorrect. [C:\Users\admin\Documents\FPGA\FPGA-Pac-Man\pacman\pacman.srcs\sources_1\new\Display\board\pacman_ROM.v:]
WARNING: [filemgmt 56-199] Attempt to get parsing info during refresh. "On-the-fly" syntax checking information may be incorrect. [C:\Users\admin\Documents\FPGA\FPGA-Pac-Man\pacman\pacman.srcs\sources_1\new\random_generator\random_generator.v:]
WARNING: [filemgmt 56-199] Attempt to get parsing info during refresh. "On-the-fly" syntax checking information may be incorrect. [C:\Users\admin\Documents\FPGA\FPGA-Pac-Man\pacman\pacman.srcs\sources_1\new\Display\board\eat_score_ROM.v:]
WARNING: [filemgmt 56-199] Attempt to get parsing info during refresh. "On-the-fly" syntax checking information may be incorrect. [C:\Users\admin\Documents\FPGA\FPGA-Pac-Man\pacman\pacman.srcs\sources_1\new\Display\board\pacman_ROM_address_decoder.v:]
WARNING: [filemgmt 56-199] Attempt to get parsing info during refresh. "On-the-fly" syntax checking information may be incorrect. [C:\Users\admin\Documents\FPGA\FPGA-Pac-Man\pacman\pacman.srcs\sources_1\new\Display\board\eat_score_ROM_address_decoder.v:]
WARNING: [filemgmt 56-199] Attempt to get parsing info during refresh. "On-the-fly" syntax checking information may be incorrect. [C:\Users\admin\Documents\FPGA\FPGA-Pac-Man\pacman\pacman.srcs\sources_1\new\Display\board\fruit_ROM.v:]
WARNING: [filemgmt 56-199] Attempt to get parsing info during refresh. "On-the-fly" syntax checking information may be incorrect. [C:\Users\admin\Documents\FPGA\FPGA-Pac-Man\pacman\pacman.srcs\sources_1\new\Display\board\fruit_ROM_address_decoder.v:]
WARNING: [filemgmt 56-199] Attempt to get parsing info during refresh. "On-the-fly" syntax checking information may be incorrect. [C:\Users\admin\Documents\FPGA\FPGA-Pac-Man\pacman\pacman.srcs\sources_1\new\Display\board\ghost_ROM.v:]
WARNING: [filemgmt 56-199] Attempt to get parsing info during refresh. "On-the-fly" syntax checking information may be incorrect. [C:\Users\admin\Documents\FPGA\FPGA-Pac-Man\pacman\pacman.srcs\sources_1\new\Display\board\ghost_ROM_address_decoder.v:]
WARNING: [filemgmt 56-199] Attempt to get parsing info during refresh. "On-the-fly" syntax checking information may be incorrect. [C:\Users\admin\Documents\FPGA\FPGA-Pac-Man\pacman\pacman.srcs\sources_1\new\Display\board\pacman_ROM.v:]
WARNING: [filemgmt 56-199] Attempt to get parsing info during refresh. "On-the-fly" syntax checking information may be incorrect. [C:\Users\admin\Documents\FPGA\FPGA-Pac-Man\pacman\pacman.srcs\sources_1\new\random_generator\random_generator.v:]
WARNING: [filemgmt 56-199] Attempt to get parsing info during refresh. "On-the-fly" syntax checking information may be incorrect. [C:\Users\admin\Documents\FPGA\FPGA-Pac-Man\pacman\pacman.srcs\sources_1\new\Display\board\eat_score_ROM.v:]
WARNING: [filemgmt 56-199] Attempt to get parsing info during refresh. "On-the-fly" syntax checking information may be incorrect. [C:\Users\admin\Documents\FPGA\FPGA-Pac-Man\pacman\pacman.srcs\sources_1\new\Display\board\pacman_ROM_address_decoder.v:]
WARNING: [filemgmt 56-199] Attempt to get parsing info during refresh. "On-the-fly" syntax checking information may be incorrect. [C:\Users\admin\Documents\FPGA\FPGA-Pac-Man\pacman\pacman.srcs\sources_1\new\Display\board\eat_score_ROM_address_decoder.v:]
WARNING: [filemgmt 56-199] Attempt to get parsing info during refresh. "On-the-fly" syntax checking information may be incorrect. [C:\Users\admin\Documents\FPGA\FPGA-Pac-Man\pacman\pacman.srcs\sources_1\new\Display\board\fruit_ROM.v:]
WARNING: [filemgmt 56-199] Attempt to get parsing info during refresh. "On-the-fly" syntax checking information may be incorrect. [C:\Users\admin\Documents\FPGA\FPGA-Pac-Man\pacman\pacman.srcs\sources_1\new\Display\board\fruit_ROM_address_decoder.v:]
WARNING: [filemgmt 56-199] Attempt to get parsing info during refresh. "On-the-fly" syntax checking information may be incorrect. [C:\Users\admin\Documents\FPGA\FPGA-Pac-Man\pacman\pacman.srcs\sources_1\new\Display\board\ghost_ROM.v:]
WARNING: [filemgmt 56-199] Attempt to get parsing info during refresh. "On-the-fly" syntax checking information may be incorrect. [C:\Users\admin\Documents\FPGA\FPGA-Pac-Man\pacman\pacman.srcs\sources_1\new\Display\board\ghost_ROM_address_decoder.v:]
WARNING: [filemgmt 56-199] Attempt to get parsing info during refresh. "On-the-fly" syntax checking information may be incorrect. [C:\Users\admin\Documents\FPGA\FPGA-Pac-Man\pacman\pacman.srcs\sources_1\new\Display\board\pacman_ROM.v:]
WARNING: [filemgmt 56-199] Attempt to get parsing info during refresh. "On-the-fly" syntax checking information may be incorrect. [C:\Users\admin\Documents\FPGA\FPGA-Pac-Man\pacman\pacman.srcs\sources_1\new\random_generator\random_generator.v:]
WARNING: [filemgmt 56-199] Attempt to get parsing info during refresh. "On-the-fly" syntax checking information may be incorrect. [C:\Users\admin\Documents\FPGA\FPGA-Pac-Man\pacman\pacman.srcs\sources_1\new\Display\board\eat_score_ROM.v:]
ERROR: [Common 17-180] Spawn failed: No error
WARNING: [filemgmt 56-199] Attempt to get parsing info during refresh. "On-the-fly" syntax checking information may be incorrect. [C:\Users\admin\Documents\FPGA\FPGA-Pac-Man\pacman\pacman.srcs\sources_1\new\Display\board\pacman_ROM_address_decoder.v:]
WARNING: [filemgmt 56-199] Attempt to get parsing info during refresh. "On-the-fly" syntax checking information may be incorrect. [C:\Users\admin\Documents\FPGA\FPGA-Pac-Man\pacman\pacman.srcs\sources_1\new\Display\board\eat_score_ROM_address_decoder.v:]
WARNING: [filemgmt 56-199] Attempt to get parsing info during refresh. "On-the-fly" syntax checking information may be incorrect. [C:\Users\admin\Documents\FPGA\FPGA-Pac-Man\pacman\pacman.srcs\sources_1\new\Display\board\fruit_ROM.v:]
WARNING: [filemgmt 56-199] Attempt to get parsing info during refresh. "On-the-fly" syntax checking information may be incorrect. [C:\Users\admin\Documents\FPGA\FPGA-Pac-Man\pacman\pacman.srcs\sources_1\new\Display\board\fruit_ROM_address_decoder.v:]
WARNING: [filemgmt 56-199] Attempt to get parsing info during refresh. "On-the-fly" syntax checking information may be incorrect. [C:\Users\admin\Documents\FPGA\FPGA-Pac-Man\pacman\pacman.srcs\sources_1\new\Display\board\ghost_ROM.v:]
WARNING: [filemgmt 56-199] Attempt to get parsing info during refresh. "On-the-fly" syntax checking information may be incorrect. [C:\Users\admin\Documents\FPGA\FPGA-Pac-Man\pacman\pacman.srcs\sources_1\new\Display\board\ghost_ROM_address_decoder.v:]
WARNING: [filemgmt 56-199] Attempt to get parsing info during refresh. "On-the-fly" syntax checking information may be incorrect. [C:\Users\admin\Documents\FPGA\FPGA-Pac-Man\pacman\pacman.srcs\sources_1\new\Display\board\pacman_ROM.v:]
WARNING: [filemgmt 56-199] Attempt to get parsing info during refresh. "On-the-fly" syntax checking information may be incorrect. [C:\Users\admin\Documents\FPGA\FPGA-Pac-Man\pacman\pacman.srcs\sources_1\new\random_generator\random_generator.v:]
WARNING: [filemgmt 56-199] Attempt to get parsing info during refresh. "On-the-fly" syntax checking information may be incorrect. [C:\Users\admin\Documents\FPGA\FPGA-Pac-Man\pacman\pacman.srcs\sources_1\new\Display\board\eat_score_ROM.v:]
WARNING: [filemgmt 56-199] Attempt to get parsing info during refresh. "On-the-fly" syntax checking information may be incorrect. [C:\Users\admin\Documents\FPGA\FPGA-Pac-Man\pacman\pacman.srcs\sources_1\new\Display\board\pacman_ROM_address_decoder.v:]
WARNING: [filemgmt 56-199] Attempt to get parsing info during refresh. "On-the-fly" syntax checking information may be incorrect. [C:\Users\admin\Documents\FPGA\FPGA-Pac-Man\pacman\pacman.srcs\sources_1\new\Display\board\eat_score_ROM_address_decoder.v:]
WARNING: [filemgmt 56-199] Attempt to get parsing info during refresh. "On-the-fly" syntax checking information may be incorrect. [C:\Users\admin\Documents\FPGA\FPGA-Pac-Man\pacman\pacman.srcs\sources_1\new\Display\board\fruit_ROM.v:]
WARNING: [filemgmt 56-199] Attempt to get parsing info during refresh. "On-the-fly" syntax checking information may be incorrect. [C:\Users\admin\Documents\FPGA\FPGA-Pac-Man\pacman\pacman.srcs\sources_1\new\Display\board\fruit_ROM_address_decoder.v:]
WARNING: [filemgmt 56-199] Attempt to get parsing info during refresh. "On-the-fly" syntax checking information may be incorrect. [C:\Users\admin\Documents\FPGA\FPGA-Pac-Man\pacman\pacman.srcs\sources_1\new\Display\board\ghost_ROM.v:]
WARNING: [filemgmt 56-199] Attempt to get parsing info during refresh. "On-the-fly" syntax checking information may be incorrect. [C:\Users\admin\Documents\FPGA\FPGA-Pac-Man\pacman\pacman.srcs\sources_1\new\Display\board\ghost_ROM_address_decoder.v:]
WARNING: [filemgmt 56-199] Attempt to get parsing info during refresh. "On-the-fly" syntax checking information may be incorrect. [C:\Users\admin\Documents\FPGA\FPGA-Pac-Man\pacman\pacman.srcs\sources_1\new\Display\board\pacman_ROM.v:]
WARNING: [filemgmt 56-199] Attempt to get parsing info during refresh. "On-the-fly" syntax checking information may be incorrect. [C:\Users\admin\Documents\FPGA\FPGA-Pac-Man\pacman\pacman.srcs\sources_1\new\random_generator\random_generator.v:]
WARNING: [filemgmt 56-199] Attempt to get parsing info during refresh. "On-the-fly" syntax checking information may be incorrect. [C:\Users\admin\Documents\FPGA\FPGA-Pac-Man\pacman\pacman.srcs\sources_1\new\Display\board\eat_score_ROM.v:]
WARNING: [filemgmt 56-199] Attempt to get parsing info during refresh. "On-the-fly" syntax checking information may be incorrect. [C:\Users\admin\Documents\FPGA\FPGA-Pac-Man\pacman\pacman.srcs\sources_1\new\Display\board\pacman_ROM_address_decoder.v:]
WARNING: [filemgmt 56-199] Attempt to get parsing info during refresh. "On-the-fly" syntax checking information may be incorrect. [C:\Users\admin\Documents\FPGA\FPGA-Pac-Man\pacman\pacman.srcs\sources_1\new\Display\board\eat_score_ROM_address_decoder.v:]
WARNING: [filemgmt 56-199] Attempt to get parsing info during refresh. "On-the-fly" syntax checking information may be incorrect. [C:\Users\admin\Documents\FPGA\FPGA-Pac-Man\pacman\pacman.srcs\sources_1\new\Display\board\fruit_ROM.v:]
WARNING: [filemgmt 56-199] Attempt to get parsing info during refresh. "On-the-fly" syntax checking information may be incorrect. [C:\Users\admin\Documents\FPGA\FPGA-Pac-Man\pacman\pacman.srcs\sources_1\new\Display\board\fruit_ROM_address_decoder.v:]
WARNING: [filemgmt 56-199] Attempt to get parsing info during refresh. "On-the-fly" syntax checking information may be incorrect. [C:\Users\admin\Documents\FPGA\FPGA-Pac-Man\pacman\pacman.srcs\sources_1\new\Display\board\ghost_ROM.v:]
WARNING: [filemgmt 56-199] Attempt to get parsing info during refresh. "On-the-fly" syntax checking information may be incorrect. [C:\Users\admin\Documents\FPGA\FPGA-Pac-Man\pacman\pacman.srcs\sources_1\new\Display\board\ghost_ROM_address_decoder.v:]
WARNING: [filemgmt 56-199] Attempt to get parsing info during refresh. "On-the-fly" syntax checking information may be incorrect. [C:\Users\admin\Documents\FPGA\FPGA-Pac-Man\pacman\pacman.srcs\sources_1\new\Display\board\pacman_ROM.v:]
WARNING: [filemgmt 56-199] Attempt to get parsing info during refresh. "On-the-fly" syntax checking information may be incorrect. [C:\Users\admin\Documents\FPGA\FPGA-Pac-Man\pacman\pacman.srcs\sources_1\new\random_generator\random_generator.v:]
WARNING: [filemgmt 56-199] Attempt to get parsing info during refresh. "On-the-fly" syntax checking information may be incorrect. [C:\Users\admin\Documents\FPGA\FPGA-Pac-Man\pacman\pacman.srcs\sources_1\new\Display\board\eat_score_ROM.v:]
WARNING: [filemgmt 56-199] Attempt to get parsing info during refresh. "On-the-fly" syntax checking information may be incorrect. [C:\Users\admin\Documents\FPGA\FPGA-Pac-Man\pacman\pacman.srcs\sources_1\new\Display\board\pacman_ROM_address_decoder.v:]
WARNING: [filemgmt 56-199] Attempt to get parsing info during refresh. "On-the-fly" syntax checking information may be incorrect. [C:\Users\admin\Documents\FPGA\FPGA-Pac-Man\pacman\pacman.srcs\sources_1\new\Display\board\eat_score_ROM_address_decoder.v:]
WARNING: [filemgmt 56-199] Attempt to get parsing info during refresh. "On-the-fly" syntax checking information may be incorrect. [C:\Users\admin\Documents\FPGA\FPGA-Pac-Man\pacman\pacman.srcs\sources_1\new\Display\board\fruit_ROM.v:]
WARNING: [filemgmt 56-199] Attempt to get parsing info during refresh. "On-the-fly" syntax checking information may be incorrect. [C:\Users\admin\Documents\FPGA\FPGA-Pac-Man\pacman\pacman.srcs\sources_1\new\Display\board\fruit_ROM_address_decoder.v:]
WARNING: [filemgmt 56-199] Attempt to get parsing info during refresh. "On-the-fly" syntax checking information may be incorrect. [C:\Users\admin\Documents\FPGA\FPGA-Pac-Man\pacman\pacman.srcs\sources_1\new\Display\board\ghost_ROM.v:]
WARNING: [filemgmt 56-199] Attempt to get parsing info during refresh. "On-the-fly" syntax checking information may be incorrect. [C:\Users\admin\Documents\FPGA\FPGA-Pac-Man\pacman\pacman.srcs\sources_1\new\Display\board\ghost_ROM_address_decoder.v:]
WARNING: [filemgmt 56-199] Attempt to get parsing info during refresh. "On-the-fly" syntax checking information may be incorrect. [C:\Users\admin\Documents\FPGA\FPGA-Pac-Man\pacman\pacman.srcs\sources_1\new\Display\board\pacman_ROM.v:]
WARNING: [filemgmt 56-199] Attempt to get parsing info during refresh. "On-the-fly" syntax checking information may be incorrect. [C:\Users\admin\Documents\FPGA\FPGA-Pac-Man\pacman\pacman.srcs\sources_1\new\random_generator\random_generator.v:]
WARNING: [filemgmt 56-199] Attempt to get parsing info during refresh. "On-the-fly" syntax checking information may be incorrect. [C:\Users\admin\Documents\FPGA\FPGA-Pac-Man\pacman\pacman.srcs\sources_1\new\Display\board\eat_score_ROM.v:]
WARNING: [filemgmt 56-199] Attempt to get parsing info during refresh. "On-the-fly" syntax checking information may be incorrect. [C:\Users\admin\Documents\FPGA\FPGA-Pac-Man\pacman\pacman.srcs\sources_1\new\Display\board\pacman_ROM_address_decoder.v:]
WARNING: [filemgmt 56-199] Attempt to get parsing info during refresh. "On-the-fly" syntax checking information may be incorrect. [C:\Users\admin\Documents\FPGA\FPGA-Pac-Man\pacman\pacman.srcs\sources_1\new\Display\board\eat_score_ROM_address_decoder.v:]
WARNING: [filemgmt 56-199] Attempt to get parsing info during refresh. "On-the-fly" syntax checking information may be incorrect. [C:\Users\admin\Documents\FPGA\FPGA-Pac-Man\pacman\pacman.srcs\sources_1\new\Display\board\fruit_ROM.v:]
WARNING: [filemgmt 56-199] Attempt to get parsing info during refresh. "On-the-fly" syntax checking information may be incorrect. [C:\Users\admin\Documents\FPGA\FPGA-Pac-Man\pacman\pacman.srcs\sources_1\new\Display\board\fruit_ROM_address_decoder.v:]
WARNING: [filemgmt 56-199] Attempt to get parsing info during refresh. "On-the-fly" syntax checking information may be incorrect. [C:\Users\admin\Documents\FPGA\FPGA-Pac-Man\pacman\pacman.srcs\sources_1\new\Display\board\ghost_ROM.v:]
WARNING: [filemgmt 56-199] Attempt to get parsing info during refresh. "On-the-fly" syntax checking information may be incorrect. [C:\Users\admin\Documents\FPGA\FPGA-Pac-Man\pacman\pacman.srcs\sources_1\new\Display\board\ghost_ROM_address_decoder.v:]
WARNING: [filemgmt 56-199] Attempt to get parsing info during refresh. "On-the-fly" syntax checking information may be incorrect. [C:\Users\admin\Documents\FPGA\FPGA-Pac-Man\pacman\pacman.srcs\sources_1\new\Display\board\pacman_ROM.v:]
WARNING: [filemgmt 56-199] Attempt to get parsing info during refresh. "On-the-fly" syntax checking information may be incorrect. [C:\Users\admin\Documents\FPGA\FPGA-Pac-Man\pacman\pacman.srcs\sources_1\new\random_generator\random_generator.v:]
WARNING: [filemgmt 56-199] Attempt to get parsing info during refresh. "On-the-fly" syntax checking information may be incorrect. [C:\Users\admin\Documents\FPGA\FPGA-Pac-Man\pacman\pacman.srcs\sources_1\new\Display\board\eat_score_ROM.v:]
ERROR: [Common 17-180] Spawn failed: No error
WARNING: [filemgmt 56-199] Attempt to get parsing info during refresh. "On-the-fly" syntax checking information may be incorrect. [C:\Users\admin\Documents\FPGA\FPGA-Pac-Man\pacman\pacman.srcs\sources_1\new\Display\board\fruit_ROM_address_decoder.v:]
WARNING: [filemgmt 56-199] Attempt to get parsing info during refresh. "On-the-fly" syntax checking information may be incorrect. [C:\Users\admin\Documents\FPGA\FPGA-Pac-Man\pacman\pacman.srcs\sources_1\new\Display\board\board_display_cache.v:]
ERROR: [Common 17-180] Spawn failed: No error
WARNING: [filemgmt 56-199] Attempt to get parsing info during refresh. "On-the-fly" syntax checking information may be incorrect. [C:\Users\admin\Documents\FPGA\FPGA-Pac-Man\pacman\pacman.srcs\sources_1\new\Display\board\fruit_ROM_address_decoder.v:]
WARNING: [filemgmt 56-199] Attempt to get parsing info during refresh. "On-the-fly" syntax checking information may be incorrect. [C:\Users\admin\Documents\FPGA\FPGA-Pac-Man\pacman\pacman.srcs\sources_1\new\Display\board\board_display_cache.v:]
ERROR: [Common 17-180] Spawn failed: No error
WARNING: [filemgmt 56-199] Attempt to get parsing info during refresh. "On-the-fly" syntax checking information may be incorrect. [C:\Users\admin\Documents\FPGA\FPGA-Pac-Man\pacman\pacman.srcs\sources_1\new\Display\board\fruit_ROM_address_decoder.v:]
WARNING: [filemgmt 56-199] Attempt to get parsing info during refresh. "On-the-fly" syntax checking information may be incorrect. [C:\Users\admin\Documents\FPGA\FPGA-Pac-Man\pacman\pacman.srcs\sources_1\new\Display\board\board_display_cache.v:]
ERROR: [Common 17-180] Spawn failed: No error
reset_run synth_1
INFO: [Project 1-1161] Replacing file C:/Users/admin/Documents/FPGA/PacMan/PacMan.srcs/utils_1/imports/synth_1/display_cache.dcp with file C:/Users/admin/Documents/FPGA/FPGA-Pac-Man/pacman/pacman.runs/synth_1/display_cache.dcp
launch_runs synth_1 -jobs 12
[Sat Jun  8 22:47:22 2024] Launched synth_1...
Run output will be captured here: C:/Users/admin/Documents/FPGA/FPGA-Pac-Man/pacman/pacman.runs/synth_1/runme.log
WARNING: [filemgmt 56-199] Attempt to get parsing info during refresh. "On-the-fly" syntax checking information may be incorrect. [C:\Users\admin\Documents\FPGA\FPGA-Pac-Man\pacman\pacman.srcs\sources_1\new\Display\board\fruit_ROM_address_decoder.v:]
WARNING: [filemgmt 56-199] Attempt to get parsing info during refresh. "On-the-fly" syntax checking information may be incorrect. [C:\Users\admin\Documents\FPGA\FPGA-Pac-Man\pacman\pacman.srcs\sources_1\new\Display\board\board_display_cache.v:]
ERROR: [Common 17-180] Spawn failed: No error
WARNING: [filemgmt 56-199] Attempt to get parsing info during refresh. "On-the-fly" syntax checking information may be incorrect. [C:\Users\admin\Documents\FPGA\FPGA-Pac-Man\pacman\pacman.srcs\sources_1\new\Display\board\fruit_ROM_address_decoder.v:]
WARNING: [filemgmt 56-199] Attempt to get parsing info during refresh. "On-the-fly" syntax checking information may be incorrect. [C:\Users\admin\Documents\FPGA\FPGA-Pac-Man\pacman\pacman.srcs\sources_1\new\Display\board\board_display_cache.v:]
WARNING: [filemgmt 56-199] Attempt to get parsing info during refresh. "On-the-fly" syntax checking information may be incorrect. [C:\Users\admin\Documents\FPGA\FPGA-Pac-Man\pacman\pacman.srcs\sources_1\new\Display\output_display_array.v:]
WARNING: [filemgmt 56-199] Attempt to get parsing info during refresh. "On-the-fly" syntax checking information may be incorrect. [C:\Users\admin\Documents\FPGA\FPGA-Pac-Man\pacman\pacman.srcs\sources_1\new\Display\board\fruit_ROM_address_decoder.v:]
WARNING: [filemgmt 56-199] Attempt to get parsing info during refresh. "On-the-fly" syntax checking information may be incorrect. [C:\Users\admin\Documents\FPGA\FPGA-Pac-Man\pacman\pacman.srcs\sources_1\new\Display\board\board_display_cache.v:]
WARNING: [filemgmt 56-199] Attempt to get parsing info during refresh. "On-the-fly" syntax checking information may be incorrect. [C:\Users\admin\Documents\FPGA\FPGA-Pac-Man\pacman\pacman.srcs\sources_1\new\Display\output_display_array.v:]
WARNING: [filemgmt 56-199] Attempt to get parsing info during refresh. "On-the-fly" syntax checking information may be incorrect. [C:\Users\admin\Documents\FPGA\FPGA-Pac-Man\pacman\pacman.srcs\sources_1\new\Display\board\fruit_ROM_address_decoder.v:]
WARNING: [filemgmt 56-199] Attempt to get parsing info during refresh. "On-the-fly" syntax checking information may be incorrect. [C:\Users\admin\Documents\FPGA\FPGA-Pac-Man\pacman\pacman.srcs\sources_1\new\Display\board\board_display_cache.v:]
WARNING: [filemgmt 56-199] Attempt to get parsing info during refresh. "On-the-fly" syntax checking information may be incorrect. [C:\Users\admin\Documents\FPGA\FPGA-Pac-Man\pacman\pacman.srcs\sources_1\new\Display\output_display_array.v:]
WARNING: [filemgmt 56-199] Attempt to get parsing info during refresh. "On-the-fly" syntax checking information may be incorrect. [C:\Users\admin\Documents\FPGA\FPGA-Pac-Man\pacman\pacman.srcs\sources_1\new\Display\board\fruit_ROM_address_decoder.v:]
WARNING: [filemgmt 56-199] Attempt to get parsing info during refresh. "On-the-fly" syntax checking information may be incorrect. [C:\Users\admin\Documents\FPGA\FPGA-Pac-Man\pacman\pacman.srcs\sources_1\new\Display\board\board_display_cache.v:]
WARNING: [filemgmt 56-199] Attempt to get parsing info during refresh. "On-the-fly" syntax checking information may be incorrect. [C:\Users\admin\Documents\FPGA\FPGA-Pac-Man\pacman\pacman.srcs\sources_1\new\Display\output_display_array.v:]
reset_run synth_1
launch_runs synth_1 -jobs 12
[Sat Jun  8 22:57:12 2024] Launched synth_1...
Run output will be captured here: C:/Users/admin/Documents/FPGA/FPGA-Pac-Man/pacman/pacman.runs/synth_1/runme.log
reset_run synth_1
WARNING: [Vivado 12-1017] Problems encountered:
1. Failed to delete one or more files in run directory C:/Users/admin/Documents/FPGA/FPGA-Pac-Man/pacman/pacman.runs/synth_1

launch_runs synth_1 -jobs 12
[Sat Jun  8 22:57:23 2024] Launched synth_1...
Run output will be captured here: C:/Users/admin/Documents/FPGA/FPGA-Pac-Man/pacman/pacman.runs/synth_1/runme.log
WARNING: [filemgmt 56-199] Attempt to get parsing info during refresh. "On-the-fly" syntax checking information may be incorrect. [C:\Users\admin\Documents\FPGA\FPGA-Pac-Man\pacman\pacman.srcs\sources_1\new\Display\board\fruit_ROM_address_decoder.v:]
WARNING: [filemgmt 56-199] Attempt to get parsing info during refresh. "On-the-fly" syntax checking information may be incorrect. [C:\Users\admin\Documents\FPGA\FPGA-Pac-Man\pacman\pacman.srcs\sources_1\new\Display\board\board_display_cache.v:]
WARNING: [filemgmt 56-199] Attempt to get parsing info during refresh. "On-the-fly" syntax checking information may be incorrect. [C:\Users\admin\Documents\FPGA\FPGA-Pac-Man\pacman\pacman.srcs\sources_1\new\Display\output_display_array.v:]
WARNING: [filemgmt 56-199] Attempt to get parsing info during refresh. "On-the-fly" syntax checking information may be incorrect. [C:\Users\admin\Documents\FPGA\FPGA-Pac-Man\pacman\pacman.srcs\sources_1\new\Display\board\fruit_ROM_address_decoder.v:]
WARNING: [filemgmt 56-199] Attempt to get parsing info during refresh. "On-the-fly" syntax checking information may be incorrect. [C:\Users\admin\Documents\FPGA\FPGA-Pac-Man\pacman\pacman.srcs\sources_1\new\Display\board\board_display_cache.v:]
WARNING: [filemgmt 56-199] Attempt to get parsing info during refresh. "On-the-fly" syntax checking information may be incorrect. [C:\Users\admin\Documents\FPGA\FPGA-Pac-Man\pacman\pacman.srcs\sources_1\new\Display\output_display_array.v:]
add_files -norecurse C:/Users/admin/Documents/FPGA/PacMan/PacMan.srcs/sources_1/new/pacman/pacman.v
WARNING: [filemgmt 56-199] Attempt to get parsing info during refresh. "On-the-fly" syntax checking information may be incorrect. [C:\Users\admin\Documents\FPGA\FPGA-Pac-Man\pacman\pacman.srcs\sources_1\new\Display\board\fruit_ROM_address_decoder.v:]
WARNING: [filemgmt 56-199] Attempt to get parsing info during refresh. "On-the-fly" syntax checking information may be incorrect. [C:\Users\admin\Documents\FPGA\FPGA-Pac-Man\pacman\pacman.srcs\sources_1\new\Display\board\board_display_cache.v:]
WARNING: [filemgmt 56-199] Attempt to get parsing info during refresh. "On-the-fly" syntax checking information may be incorrect. [C:\Users\admin\Documents\FPGA\FPGA-Pac-Man\pacman\pacman.srcs\sources_1\new\Display\output_display_array.v:]
WARNING: [filemgmt 56-199] Attempt to get parsing info during refresh. "On-the-fly" syntax checking information may be incorrect. [C:\Users\admin\Documents\FPGA\FPGA-Pac-Man\pacman\pacman.srcs\sources_1\new\VGA\VGA.v:]
WARNING: [filemgmt 56-199] Attempt to get parsing info during refresh. "On-the-fly" syntax checking information may be incorrect. [C:\Users\admin\Documents\FPGA\FPGA-Pac-Man\pacman\pacman.srcs\sources_1\new\Display\board\eat_score_ROM.v:]
ERROR: [Common 17-180] Spawn failed: No error
ERROR: [Common 17-180] Spawn failed: No error
update_compile_order -fileset sources_1
WARNING: [filemgmt 56-199] Attempt to get parsing info during refresh. "On-the-fly" syntax checking information may be incorrect. [C:\Users\admin\Documents\FPGA\FPGA-Pac-Man\pacman\pacman.srcs\sources_1\new\Display\board\fruit_ROM_address_decoder.v:]
WARNING: [filemgmt 56-199] Attempt to get parsing info during refresh. "On-the-fly" syntax checking information may be incorrect. [C:\Users\admin\Documents\FPGA\FPGA-Pac-Man\pacman\pacman.srcs\sources_1\new\Display\board\board_display_cache.v:]
WARNING: [filemgmt 56-199] Attempt to get parsing info during refresh. "On-the-fly" syntax checking information may be incorrect. [C:\Users\admin\Documents\FPGA\FPGA-Pac-Man\pacman\pacman.srcs\sources_1\new\Display\output_display_array.v:]
WARNING: [filemgmt 56-199] Attempt to get parsing info during refresh. "On-the-fly" syntax checking information may be incorrect. [C:\Users\admin\Documents\FPGA\FPGA-Pac-Man\pacman\pacman.srcs\sources_1\new\VGA\VGA.v:]
WARNING: [filemgmt 56-199] Attempt to get parsing info during refresh. "On-the-fly" syntax checking information may be incorrect. [C:\Users\admin\Documents\FPGA\FPGA-Pac-Man\pacman\pacman.srcs\sources_1\new\Display\board\eat_score_ROM.v:]
WARNING: [filemgmt 56-199] Attempt to get parsing info during refresh. "On-the-fly" syntax checking information may be incorrect. [C:\Users\admin\Documents\FPGA\FPGA-Pac-Man\pacman\pacman.srcs\sources_1\new\Display\board\fruit_ROM_address_decoder.v:]
WARNING: [filemgmt 56-199] Attempt to get parsing info during refresh. "On-the-fly" syntax checking information may be incorrect. [C:\Users\admin\Documents\FPGA\FPGA-Pac-Man\pacman\pacman.srcs\sources_1\new\Display\board\board_display_cache.v:]
WARNING: [filemgmt 56-199] Attempt to get parsing info during refresh. "On-the-fly" syntax checking information may be incorrect. [C:\Users\admin\Documents\FPGA\FPGA-Pac-Man\pacman\pacman.srcs\sources_1\new\Display\output_display_array.v:]
WARNING: [filemgmt 56-199] Attempt to get parsing info during refresh. "On-the-fly" syntax checking information may be incorrect. [C:\Users\admin\Documents\FPGA\FPGA-Pac-Man\pacman\pacman.srcs\sources_1\new\VGA\VGA.v:]
WARNING: [filemgmt 56-199] Attempt to get parsing info during refresh. "On-the-fly" syntax checking information may be incorrect. [C:\Users\admin\Documents\FPGA\FPGA-Pac-Man\pacman\pacman.srcs\sources_1\new\Display\board\eat_score_ROM.v:]
WARNING: [filemgmt 56-199] Attempt to get parsing info during refresh. "On-the-fly" syntax checking information may be incorrect. [C:\Users\admin\Documents\FPGA\FPGA-Pac-Man\pacman\pacman.srcs\sources_1\new\Display\board\fruit_ROM_address_decoder.v:]
WARNING: [filemgmt 56-199] Attempt to get parsing info during refresh. "On-the-fly" syntax checking information may be incorrect. [C:\Users\admin\Documents\FPGA\FPGA-Pac-Man\pacman\pacman.srcs\sources_1\new\Display\board\board_display_cache.v:]
WARNING: [filemgmt 56-199] Attempt to get parsing info during refresh. "On-the-fly" syntax checking information may be incorrect. [C:\Users\admin\Documents\FPGA\FPGA-Pac-Man\pacman\pacman.srcs\sources_1\new\Display\output_display_array.v:]
WARNING: [filemgmt 56-199] Attempt to get parsing info during refresh. "On-the-fly" syntax checking information may be incorrect. [C:\Users\admin\Documents\FPGA\FPGA-Pac-Man\pacman\pacman.srcs\sources_1\new\VGA\VGA.v:]
WARNING: [filemgmt 56-199] Attempt to get parsing info during refresh. "On-the-fly" syntax checking information may be incorrect. [C:\Users\admin\Documents\FPGA\FPGA-Pac-Man\pacman\pacman.srcs\sources_1\new\Display\board\eat_score_ROM.v:]
WARNING: [filemgmt 56-199] Attempt to get parsing info during refresh. "On-the-fly" syntax checking information may be incorrect. [C:\Users\admin\Documents\FPGA\FPGA-Pac-Man\pacman\pacman.srcs\sources_1\new\Display\board\fruit_ROM_address_decoder.v:]
WARNING: [filemgmt 56-199] Attempt to get parsing info during refresh. "On-the-fly" syntax checking information may be incorrect. [C:\Users\admin\Documents\FPGA\FPGA-Pac-Man\pacman\pacman.srcs\sources_1\new\Display\board\board_display_cache.v:]
WARNING: [filemgmt 56-199] Attempt to get parsing info during refresh. "On-the-fly" syntax checking information may be incorrect. [C:\Users\admin\Documents\FPGA\FPGA-Pac-Man\pacman\pacman.srcs\sources_1\new\Display\output_display_array.v:]
WARNING: [filemgmt 56-199] Attempt to get parsing info during refresh. "On-the-fly" syntax checking information may be incorrect. [C:\Users\admin\Documents\FPGA\FPGA-Pac-Man\pacman\pacman.srcs\sources_1\new\VGA\VGA.v:]
WARNING: [filemgmt 56-199] Attempt to get parsing info during refresh. "On-the-fly" syntax checking information may be incorrect. [C:\Users\admin\Documents\FPGA\FPGA-Pac-Man\pacman\pacman.srcs\sources_1\new\Display\board\eat_score_ROM.v:]
ERROR: [Common 17-180] Spawn failed: No error
INFO: [Device 21-403] Loading part xc7a100tcsg324-1
create_ip -name clk_wiz -vendor xilinx.com -library ip -version 6.0 -module_name clk_wiz_0
set_property -dict [list \
  CONFIG.CLKOUT1_JITTER {245.495} \
  CONFIG.CLKOUT1_PHASE_ERROR {245.344} \
  CONFIG.CLKOUT1_REQUESTED_OUT_FREQ {74.25} \
  CONFIG.MMCM_CLKFBOUT_MULT_F {37.125} \
  CONFIG.MMCM_CLKOUT0_DIVIDE_F {12.500} \
  CONFIG.MMCM_DIVCLK_DIVIDE {4} \
] [get_ips clk_wiz_0]
generate_target {instantiation_template} [get_files c:/Users/admin/Documents/FPGA/FPGA-Pac-Man/pacman/pacman.srcs/sources_1/ip/clk_wiz_0/clk_wiz_0.xci]
INFO: [IP_Flow 19-1686] Generating 'Instantiation Template' target for IP 'clk_wiz_0'...
WARNING: [filemgmt 56-199] Attempt to get parsing info during refresh. "On-the-fly" syntax checking information may be incorrect. [C:\Users\admin\Documents\FPGA\FPGA-Pac-Man\pacman\pacman.srcs\sources_1\new\Display\board\fruit_ROM_address_decoder.v:]
WARNING: [filemgmt 56-199] Attempt to get parsing info during refresh. "On-the-fly" syntax checking information may be incorrect. [C:\Users\admin\Documents\FPGA\FPGA-Pac-Man\pacman\pacman.srcs\sources_1\new\Display\board\board_display_cache.v:]
WARNING: [filemgmt 56-199] Attempt to get parsing info during refresh. "On-the-fly" syntax checking information may be incorrect. [C:\Users\admin\Documents\FPGA\FPGA-Pac-Man\pacman\pacman.srcs\sources_1\new\Display\output_display_array.v:]
WARNING: [filemgmt 56-199] Attempt to get parsing info during refresh. "On-the-fly" syntax checking information may be incorrect. [C:\Users\admin\Documents\FPGA\FPGA-Pac-Man\pacman\pacman.srcs\sources_1\new\VGA\VGA.v:]
WARNING: [filemgmt 56-199] Attempt to get parsing info during refresh. "On-the-fly" syntax checking information may be incorrect. [C:\Users\admin\Documents\FPGA\PacMan\PacMan.srcs\sources_1\new\pacman\pacman.v:]
WARNING: [filemgmt 56-199] Attempt to get parsing info during refresh. "On-the-fly" syntax checking information may be incorrect. [C:\Users\admin\Documents\FPGA\FPGA-Pac-Man\pacman\pacman.srcs\sources_1\new\Display\board\eat_score_ROM.v:]
WARNING: [filemgmt 56-199] Attempt to get parsing info during refresh. "On-the-fly" syntax checking information may be incorrect. [C:\Users\admin\Documents\FPGA\FPGA-Pac-Man\pacman\pacman.srcs\sources_1\new\Display\board\fruit_ROM_address_decoder.v:]
WARNING: [filemgmt 56-199] Attempt to get parsing info during refresh. "On-the-fly" syntax checking information may be incorrect. [C:\Users\admin\Documents\FPGA\FPGA-Pac-Man\pacman\pacman.srcs\sources_1\new\Display\board\board_display_cache.v:]
WARNING: [filemgmt 56-199] Attempt to get parsing info during refresh. "On-the-fly" syntax checking information may be incorrect. [C:\Users\admin\Documents\FPGA\FPGA-Pac-Man\pacman\pacman.srcs\sources_1\new\Display\output_display_array.v:]
WARNING: [filemgmt 56-199] Attempt to get parsing info during refresh. "On-the-fly" syntax checking information may be incorrect. [C:\Users\admin\Documents\FPGA\FPGA-Pac-Man\pacman\pacman.srcs\sources_1\new\VGA\VGA.v:]
WARNING: [filemgmt 56-199] Attempt to get parsing info during refresh. "On-the-fly" syntax checking information may be incorrect. [C:\Users\admin\Documents\FPGA\PacMan\PacMan.srcs\sources_1\new\pacman\pacman.v:]
WARNING: [filemgmt 56-199] Attempt to get parsing info during refresh. "On-the-fly" syntax checking information may be incorrect. [C:\Users\admin\Documents\FPGA\FPGA-Pac-Man\pacman\pacman.srcs\sources_1\new\Display\board\eat_score_ROM.v:]
WARNING: [filemgmt 56-199] Attempt to get parsing info during refresh. "On-the-fly" syntax checking information may be incorrect. [C:\Users\admin\Documents\FPGA\FPGA-Pac-Man\pacman\pacman.srcs\sources_1\new\Display\board\fruit_ROM_address_decoder.v:]
WARNING: [filemgmt 56-199] Attempt to get parsing info during refresh. "On-the-fly" syntax checking information may be incorrect. [C:\Users\admin\Documents\FPGA\FPGA-Pac-Man\pacman\pacman.srcs\sources_1\new\Display\board\board_display_cache.v:]
WARNING: [filemgmt 56-199] Attempt to get parsing info during refresh. "On-the-fly" syntax checking information may be incorrect. [C:\Users\admin\Documents\FPGA\FPGA-Pac-Man\pacman\pacman.srcs\sources_1\new\Display\output_display_array.v:]
WARNING: [filemgmt 56-199] Attempt to get parsing info during refresh. "On-the-fly" syntax checking information may be incorrect. [C:\Users\admin\Documents\FPGA\FPGA-Pac-Man\pacman\pacman.srcs\sources_1\new\VGA\VGA.v:]
WARNING: [filemgmt 56-199] Attempt to get parsing info during refresh. "On-the-fly" syntax checking information may be incorrect. [C:\Users\admin\Documents\FPGA\PacMan\PacMan.srcs\sources_1\new\pacman\pacman.v:]
WARNING: [filemgmt 56-199] Attempt to get parsing info during refresh. "On-the-fly" syntax checking information may be incorrect. [C:\Users\admin\Documents\FPGA\FPGA-Pac-Man\pacman\pacman.srcs\sources_1\new\Display\board\eat_score_ROM.v:]
WARNING: [filemgmt 56-199] Attempt to get parsing info during refresh. "On-the-fly" syntax checking information may be incorrect. [C:\Users\admin\Documents\FPGA\FPGA-Pac-Man\pacman\pacman.srcs\sources_1\new\Display\board\fruit_ROM_address_decoder.v:]
WARNING: [filemgmt 56-199] Attempt to get parsing info during refresh. "On-the-fly" syntax checking information may be incorrect. [C:\Users\admin\Documents\FPGA\FPGA-Pac-Man\pacman\pacman.srcs\sources_1\new\Display\board\board_display_cache.v:]
WARNING: [filemgmt 56-199] Attempt to get parsing info during refresh. "On-the-fly" syntax checking information may be incorrect. [C:\Users\admin\Documents\FPGA\FPGA-Pac-Man\pacman\pacman.srcs\sources_1\new\Display\output_display_array.v:]
WARNING: [filemgmt 56-199] Attempt to get parsing info during refresh. "On-the-fly" syntax checking information may be incorrect. [C:\Users\admin\Documents\FPGA\FPGA-Pac-Man\pacman\pacman.srcs\sources_1\new\VGA\VGA.v:]
WARNING: [filemgmt 56-199] Attempt to get parsing info during refresh. "On-the-fly" syntax checking information may be incorrect. [C:\Users\admin\Documents\FPGA\PacMan\PacMan.srcs\sources_1\new\pacman\pacman.v:]
WARNING: [filemgmt 56-199] Attempt to get parsing info during refresh. "On-the-fly" syntax checking information may be incorrect. [C:\Users\admin\Documents\FPGA\FPGA-Pac-Man\pacman\pacman.srcs\sources_1\new\Display\board\eat_score_ROM.v:]
WARNING: [filemgmt 56-199] Attempt to get parsing info during refresh. "On-the-fly" syntax checking information may be incorrect. [C:\Users\admin\Documents\FPGA\FPGA-Pac-Man\pacman\pacman.srcs\sources_1\new\Display\board\fruit_ROM_address_decoder.v:]
WARNING: [filemgmt 56-199] Attempt to get parsing info during refresh. "On-the-fly" syntax checking information may be incorrect. [C:\Users\admin\Documents\FPGA\FPGA-Pac-Man\pacman\pacman.srcs\sources_1\new\Display\board\board_display_cache.v:]
WARNING: [filemgmt 56-199] Attempt to get parsing info during refresh. "On-the-fly" syntax checking information may be incorrect. [C:\Users\admin\Documents\FPGA\FPGA-Pac-Man\pacman\pacman.srcs\sources_1\new\Display\output_display_array.v:]
WARNING: [filemgmt 56-199] Attempt to get parsing info during refresh. "On-the-fly" syntax checking information may be incorrect. [C:\Users\admin\Documents\FPGA\FPGA-Pac-Man\pacman\pacman.srcs\sources_1\new\VGA\VGA.v:]
WARNING: [filemgmt 56-199] Attempt to get parsing info during refresh. "On-the-fly" syntax checking information may be incorrect. [C:\Users\admin\Documents\FPGA\PacMan\PacMan.srcs\sources_1\new\pacman\pacman.v:]
WARNING: [filemgmt 56-199] Attempt to get parsing info during refresh. "On-the-fly" syntax checking information may be incorrect. [C:\Users\admin\Documents\FPGA\FPGA-Pac-Man\pacman\pacman.srcs\sources_1\new\Display\board\eat_score_ROM.v:]
ERROR: [Common 17-180] Spawn failed: No error
generate_target all [get_files  c:/Users/admin/Documents/FPGA/FPGA-Pac-Man/pacman/pacman.srcs/sources_1/ip/clk_wiz_0/clk_wiz_0.xci]
INFO: [IP_Flow 19-1686] Generating 'Synthesis' target for IP 'clk_wiz_0'...
INFO: [IP_Flow 19-1686] Generating 'Simulation' target for IP 'clk_wiz_0'...
INFO: [IP_Flow 19-1686] Generating 'Implementation' target for IP 'clk_wiz_0'...
INFO: [IP_Flow 19-1686] Generating 'Change Log' target for IP 'clk_wiz_0'...
catch { config_ip_cache -export [get_ips -all clk_wiz_0] }
INFO: [IP_Flow 19-6924] IPCACHE: Running cache check for IP inst: clk_wiz_0
export_ip_user_files -of_objects [get_files c:/Users/admin/Documents/FPGA/FPGA-Pac-Man/pacman/pacman.srcs/sources_1/ip/clk_wiz_0/clk_wiz_0.xci] -no_script -sync -force -quiet
create_ip_run [get_files -of_objects [get_fileset sources_1] c:/Users/admin/Documents/FPGA/FPGA-Pac-Man/pacman/pacman.srcs/sources_1/ip/clk_wiz_0/clk_wiz_0.xci]
launch_runs clk_wiz_0_synth_1 -jobs 12
INFO: [IP_Flow 19-6924] IPCACHE: Running cache check for IP inst: clk_wiz_0
[Sat Jun  8 23:57:56 2024] Launched clk_wiz_0_synth_1...
Run output will be captured here: C:/Users/admin/Documents/FPGA/FPGA-Pac-Man/pacman/pacman.runs/clk_wiz_0_synth_1/runme.log
export_simulation -of_objects [get_files c:/Users/admin/Documents/FPGA/FPGA-Pac-Man/pacman/pacman.srcs/sources_1/ip/clk_wiz_0/clk_wiz_0.xci] -directory C:/Users/admin/Documents/FPGA/FPGA-Pac-Man/pacman/pacman.ip_user_files/sim_scripts -ip_user_files_dir C:/Users/admin/Documents/FPGA/FPGA-Pac-Man/pacman/pacman.ip_user_files -ipstatic_source_dir C:/Users/admin/Documents/FPGA/FPGA-Pac-Man/pacman/pacman.ip_user_files/ipstatic -lib_map_path [list {modelsim=C:/Users/admin/Documents/FPGA/FPGA-Pac-Man/pacman/pacman.cache/compile_simlib/modelsim} {questa=C:/Users/admin/Documents/FPGA/FPGA-Pac-Man/pacman/pacman.cache/compile_simlib/questa} {riviera=C:/Users/admin/Documents/FPGA/FPGA-Pac-Man/pacman/pacman.cache/compile_simlib/riviera} {activehdl=C:/Users/admin/Documents/FPGA/FPGA-Pac-Man/pacman/pacman.cache/compile_simlib/activehdl}] -use_ip_compiled_libs -force -quiet
WARNING: [filemgmt 56-199] Attempt to get parsing info during refresh. "On-the-fly" syntax checking information may be incorrect. [C:\Users\admin\Documents\FPGA\FPGA-Pac-Man\pacman\pacman.srcs\sources_1\new\Display\board\fruit_ROM_address_decoder.v:]
WARNING: [filemgmt 56-199] Attempt to get parsing info during refresh. "On-the-fly" syntax checking information may be incorrect. [C:\Users\admin\Documents\FPGA\FPGA-Pac-Man\pacman\pacman.srcs\sources_1\new\Display\board\board_display_cache.v:]
WARNING: [filemgmt 56-199] Attempt to get parsing info during refresh. "On-the-fly" syntax checking information may be incorrect. [C:\Users\admin\Documents\FPGA\FPGA-Pac-Man\pacman\pacman.srcs\sources_1\new\Display\output_display_array.v:]
WARNING: [filemgmt 56-199] Attempt to get parsing info during refresh. "On-the-fly" syntax checking information may be incorrect. [C:\Users\admin\Documents\FPGA\FPGA-Pac-Man\pacman\pacman.srcs\sources_1\new\VGA\VGA.v:]
WARNING: [filemgmt 56-199] Attempt to get parsing info during refresh. "On-the-fly" syntax checking information may be incorrect. [C:\Users\admin\Documents\FPGA\PacMan\PacMan.srcs\sources_1\new\pacman\pacman.v:]
WARNING: [filemgmt 56-199] Attempt to get parsing info during refresh. "On-the-fly" syntax checking information may be incorrect. [C:\Users\admin\Documents\FPGA\FPGA-Pac-Man\pacman\pacman.srcs\sources_1\new\Display\board\eat_score_ROM.v:]
WARNING: [filemgmt 56-199] Attempt to get parsing info during refresh. "On-the-fly" syntax checking information may be incorrect. [C:\Users\admin\Documents\FPGA\FPGA-Pac-Man\pacman\pacman.srcs\sources_1\new\Display\board\fruit_ROM_address_decoder.v:]
WARNING: [filemgmt 56-199] Attempt to get parsing info during refresh. "On-the-fly" syntax checking information may be incorrect. [C:\Users\admin\Documents\FPGA\FPGA-Pac-Man\pacman\pacman.srcs\sources_1\new\Display\board\board_display_cache.v:]
WARNING: [filemgmt 56-199] Attempt to get parsing info during refresh. "On-the-fly" syntax checking information may be incorrect. [C:\Users\admin\Documents\FPGA\FPGA-Pac-Man\pacman\pacman.srcs\sources_1\new\Display\output_display_array.v:]
WARNING: [filemgmt 56-199] Attempt to get parsing info during refresh. "On-the-fly" syntax checking information may be incorrect. [C:\Users\admin\Documents\FPGA\FPGA-Pac-Man\pacman\pacman.srcs\sources_1\new\VGA\VGA.v:]
WARNING: [filemgmt 56-199] Attempt to get parsing info during refresh. "On-the-fly" syntax checking information may be incorrect. [C:\Users\admin\Documents\FPGA\PacMan\PacMan.srcs\sources_1\new\pacman\pacman.v:]
WARNING: [filemgmt 56-199] Attempt to get parsing info during refresh. "On-the-fly" syntax checking information may be incorrect. [C:\Users\admin\Documents\FPGA\FPGA-Pac-Man\pacman\pacman.srcs\sources_1\new\Display\board\eat_score_ROM.v:]
WARNING: [filemgmt 56-199] Attempt to get parsing info during refresh. "On-the-fly" syntax checking information may be incorrect. [C:\Users\admin\Documents\FPGA\FPGA-Pac-Man\pacman\pacman.srcs\sources_1\new\Display\board\fruit_ROM_address_decoder.v:]
WARNING: [filemgmt 56-199] Attempt to get parsing info during refresh. "On-the-fly" syntax checking information may be incorrect. [C:\Users\admin\Documents\FPGA\FPGA-Pac-Man\pacman\pacman.srcs\sources_1\new\Display\board\board_display_cache.v:]
WARNING: [filemgmt 56-199] Attempt to get parsing info during refresh. "On-the-fly" syntax checking information may be incorrect. [C:\Users\admin\Documents\FPGA\FPGA-Pac-Man\pacman\pacman.srcs\sources_1\new\Display\output_display_array.v:]
WARNING: [filemgmt 56-199] Attempt to get parsing info during refresh. "On-the-fly" syntax checking information may be incorrect. [C:\Users\admin\Documents\FPGA\FPGA-Pac-Man\pacman\pacman.srcs\sources_1\new\VGA\VGA.v:]
WARNING: [filemgmt 56-199] Attempt to get parsing info during refresh. "On-the-fly" syntax checking information may be incorrect. [C:\Users\admin\Documents\FPGA\PacMan\PacMan.srcs\sources_1\new\pacman\pacman.v:]
WARNING: [filemgmt 56-199] Attempt to get parsing info during refresh. "On-the-fly" syntax checking information may be incorrect. [C:\Users\admin\Documents\FPGA\FPGA-Pac-Man\pacman\pacman.srcs\sources_1\new\Display\board\eat_score_ROM.v:]
WARNING: [filemgmt 56-199] Attempt to get parsing info during refresh. "On-the-fly" syntax checking information may be incorrect. [C:\Users\admin\Documents\FPGA\FPGA-Pac-Man\pacman\pacman.srcs\sources_1\new\Display\board\fruit_ROM_address_decoder.v:]
WARNING: [filemgmt 56-199] Attempt to get parsing info during refresh. "On-the-fly" syntax checking information may be incorrect. [C:\Users\admin\Documents\FPGA\FPGA-Pac-Man\pacman\pacman.srcs\sources_1\new\Display\board\board_display_cache.v:]
WARNING: [filemgmt 56-199] Attempt to get parsing info during refresh. "On-the-fly" syntax checking information may be incorrect. [C:\Users\admin\Documents\FPGA\FPGA-Pac-Man\pacman\pacman.srcs\sources_1\new\Display\output_display_array.v:]
WARNING: [filemgmt 56-199] Attempt to get parsing info during refresh. "On-the-fly" syntax checking information may be incorrect. [C:\Users\admin\Documents\FPGA\FPGA-Pac-Man\pacman\pacman.srcs\sources_1\new\VGA\VGA.v:]
WARNING: [filemgmt 56-199] Attempt to get parsing info during refresh. "On-the-fly" syntax checking information may be incorrect. [C:\Users\admin\Documents\FPGA\PacMan\PacMan.srcs\sources_1\new\pacman\pacman.v:]
WARNING: [filemgmt 56-199] Attempt to get parsing info during refresh. "On-the-fly" syntax checking information may be incorrect. [C:\Users\admin\Documents\FPGA\FPGA-Pac-Man\pacman\pacman.srcs\sources_1\new\Display\board\eat_score_ROM.v:]
create_ip -name clk_wiz -vendor xilinx.com -library ip -version 6.0 -module_name clk_wiz_1
generate_target {instantiation_template} [get_files c:/Users/admin/Documents/FPGA/FPGA-Pac-Man/pacman/pacman.srcs/sources_1/ip/clk_wiz_1/clk_wiz_1.xci]
INFO: [IP_Flow 19-1686] Generating 'Instantiation Template' target for IP 'clk_wiz_1'...
WARNING: [filemgmt 56-199] Attempt to get parsing info during refresh. "On-the-fly" syntax checking information may be incorrect. [C:\Users\admin\Documents\FPGA\FPGA-Pac-Man\pacman\pacman.srcs\sources_1\new\Display\board\fruit_ROM_address_decoder.v:]
WARNING: [filemgmt 56-199] Attempt to get parsing info during refresh. "On-the-fly" syntax checking information may be incorrect. [C:\Users\admin\Documents\FPGA\FPGA-Pac-Man\pacman\pacman.srcs\sources_1\new\Display\board\board_display_cache.v:]
WARNING: [filemgmt 56-199] Attempt to get parsing info during refresh. "On-the-fly" syntax checking information may be incorrect. [C:\Users\admin\Documents\FPGA\FPGA-Pac-Man\pacman\pacman.srcs\sources_1\new\Display\output_display_array.v:]
WARNING: [filemgmt 56-199] Attempt to get parsing info during refresh. "On-the-fly" syntax checking information may be incorrect. [C:\Users\admin\Documents\FPGA\FPGA-Pac-Man\pacman\pacman.srcs\sources_1\new\VGA\VGA.v:]
WARNING: [filemgmt 56-199] Attempt to get parsing info during refresh. "On-the-fly" syntax checking information may be incorrect. [C:\Users\admin\Documents\FPGA\PacMan\PacMan.srcs\sources_1\new\pacman\pacman.v:]
WARNING: [filemgmt 56-199] Attempt to get parsing info during refresh. "On-the-fly" syntax checking information may be incorrect. [C:\Users\admin\Documents\FPGA\FPGA-Pac-Man\pacman\pacman.srcs\sources_1\new\Display\board\eat_score_ROM.v:]
WARNING: [filemgmt 56-199] Attempt to get parsing info during refresh. "On-the-fly" syntax checking information may be incorrect. [C:\Users\admin\Documents\FPGA\FPGA-Pac-Man\pacman\pacman.srcs\sources_1\new\Display\board\fruit_ROM_address_decoder.v:]
WARNING: [filemgmt 56-199] Attempt to get parsing info during refresh. "On-the-fly" syntax checking information may be incorrect. [C:\Users\admin\Documents\FPGA\FPGA-Pac-Man\pacman\pacman.srcs\sources_1\new\Display\board\board_display_cache.v:]
WARNING: [filemgmt 56-199] Attempt to get parsing info during refresh. "On-the-fly" syntax checking information may be incorrect. [C:\Users\admin\Documents\FPGA\FPGA-Pac-Man\pacman\pacman.srcs\sources_1\new\Display\output_display_array.v:]
WARNING: [filemgmt 56-199] Attempt to get parsing info during refresh. "On-the-fly" syntax checking information may be incorrect. [C:\Users\admin\Documents\FPGA\FPGA-Pac-Man\pacman\pacman.srcs\sources_1\new\VGA\VGA.v:]
WARNING: [filemgmt 56-199] Attempt to get parsing info during refresh. "On-the-fly" syntax checking information may be incorrect. [C:\Users\admin\Documents\FPGA\PacMan\PacMan.srcs\sources_1\new\pacman\pacman.v:]
WARNING: [filemgmt 56-199] Attempt to get parsing info during refresh. "On-the-fly" syntax checking information may be incorrect. [C:\Users\admin\Documents\FPGA\FPGA-Pac-Man\pacman\pacman.srcs\sources_1\new\Display\board\eat_score_ROM.v:]
WARNING: [filemgmt 56-199] Attempt to get parsing info during refresh. "On-the-fly" syntax checking information may be incorrect. [C:\Users\admin\Documents\FPGA\FPGA-Pac-Man\pacman\pacman.srcs\sources_1\new\Display\board\fruit_ROM_address_decoder.v:]
WARNING: [filemgmt 56-199] Attempt to get parsing info during refresh. "On-the-fly" syntax checking information may be incorrect. [C:\Users\admin\Documents\FPGA\FPGA-Pac-Man\pacman\pacman.srcs\sources_1\new\Display\board\board_display_cache.v:]
WARNING: [filemgmt 56-199] Attempt to get parsing info during refresh. "On-the-fly" syntax checking information may be incorrect. [C:\Users\admin\Documents\FPGA\FPGA-Pac-Man\pacman\pacman.srcs\sources_1\new\Display\output_display_array.v:]
WARNING: [filemgmt 56-199] Attempt to get parsing info during refresh. "On-the-fly" syntax checking information may be incorrect. [C:\Users\admin\Documents\FPGA\FPGA-Pac-Man\pacman\pacman.srcs\sources_1\new\VGA\VGA.v:]
WARNING: [filemgmt 56-199] Attempt to get parsing info during refresh. "On-the-fly" syntax checking information may be incorrect. [C:\Users\admin\Documents\FPGA\PacMan\PacMan.srcs\sources_1\new\pacman\pacman.v:]
WARNING: [filemgmt 56-199] Attempt to get parsing info during refresh. "On-the-fly" syntax checking information may be incorrect. [C:\Users\admin\Documents\FPGA\FPGA-Pac-Man\pacman\pacman.srcs\sources_1\new\Display\board\eat_score_ROM.v:]
WARNING: [filemgmt 56-199] Attempt to get parsing info during refresh. "On-the-fly" syntax checking information may be incorrect. [C:\Users\admin\Documents\FPGA\FPGA-Pac-Man\pacman\pacman.srcs\sources_1\new\Display\board\fruit_ROM_address_decoder.v:]
WARNING: [filemgmt 56-199] Attempt to get parsing info during refresh. "On-the-fly" syntax checking information may be incorrect. [C:\Users\admin\Documents\FPGA\FPGA-Pac-Man\pacman\pacman.srcs\sources_1\new\Display\board\board_display_cache.v:]
WARNING: [filemgmt 56-199] Attempt to get parsing info during refresh. "On-the-fly" syntax checking information may be incorrect. [C:\Users\admin\Documents\FPGA\FPGA-Pac-Man\pacman\pacman.srcs\sources_1\new\Display\output_display_array.v:]
WARNING: [filemgmt 56-199] Attempt to get parsing info during refresh. "On-the-fly" syntax checking information may be incorrect. [C:\Users\admin\Documents\FPGA\FPGA-Pac-Man\pacman\pacman.srcs\sources_1\new\VGA\VGA.v:]
WARNING: [filemgmt 56-199] Attempt to get parsing info during refresh. "On-the-fly" syntax checking information may be incorrect. [C:\Users\admin\Documents\FPGA\PacMan\PacMan.srcs\sources_1\new\pacman\pacman.v:]
WARNING: [filemgmt 56-199] Attempt to get parsing info during refresh. "On-the-fly" syntax checking information may be incorrect. [C:\Users\admin\Documents\FPGA\FPGA-Pac-Man\pacman\pacman.srcs\sources_1\new\Display\board\eat_score_ROM.v:]
WARNING: [filemgmt 56-199] Attempt to get parsing info during refresh. "On-the-fly" syntax checking information may be incorrect. [C:\Users\admin\Documents\FPGA\FPGA-Pac-Man\pacman\pacman.srcs\sources_1\new\Display\board\fruit_ROM_address_decoder.v:]
WARNING: [filemgmt 56-199] Attempt to get parsing info during refresh. "On-the-fly" syntax checking information may be incorrect. [C:\Users\admin\Documents\FPGA\FPGA-Pac-Man\pacman\pacman.srcs\sources_1\new\Display\board\board_display_cache.v:]
WARNING: [filemgmt 56-199] Attempt to get parsing info during refresh. "On-the-fly" syntax checking information may be incorrect. [C:\Users\admin\Documents\FPGA\FPGA-Pac-Man\pacman\pacman.srcs\sources_1\new\Display\output_display_array.v:]
WARNING: [filemgmt 56-199] Attempt to get parsing info during refresh. "On-the-fly" syntax checking information may be incorrect. [C:\Users\admin\Documents\FPGA\FPGA-Pac-Man\pacman\pacman.srcs\sources_1\new\VGA\VGA.v:]
WARNING: [filemgmt 56-199] Attempt to get parsing info during refresh. "On-the-fly" syntax checking information may be incorrect. [C:\Users\admin\Documents\FPGA\PacMan\PacMan.srcs\sources_1\new\pacman\pacman.v:]
WARNING: [filemgmt 56-199] Attempt to get parsing info during refresh. "On-the-fly" syntax checking information may be incorrect. [C:\Users\admin\Documents\FPGA\FPGA-Pac-Man\pacman\pacman.srcs\sources_1\new\Display\board\eat_score_ROM.v:]
WARNING: [filemgmt 56-199] Attempt to get parsing info during refresh. "On-the-fly" syntax checking information may be incorrect. [C:\Users\admin\Documents\FPGA\FPGA-Pac-Man\pacman\pacman.srcs\sources_1\new\Display\board\fruit_ROM_address_decoder.v:]
WARNING: [filemgmt 56-199] Attempt to get parsing info during refresh. "On-the-fly" syntax checking information may be incorrect. [C:\Users\admin\Documents\FPGA\FPGA-Pac-Man\pacman\pacman.srcs\sources_1\new\Display\board\board_display_cache.v:]
WARNING: [filemgmt 56-199] Attempt to get parsing info during refresh. "On-the-fly" syntax checking information may be incorrect. [C:\Users\admin\Documents\FPGA\FPGA-Pac-Man\pacman\pacman.srcs\sources_1\new\Display\output_display_array.v:]
WARNING: [filemgmt 56-199] Attempt to get parsing info during refresh. "On-the-fly" syntax checking information may be incorrect. [C:\Users\admin\Documents\FPGA\FPGA-Pac-Man\pacman\pacman.srcs\sources_1\new\VGA\VGA.v:]
WARNING: [filemgmt 56-199] Attempt to get parsing info during refresh. "On-the-fly" syntax checking information may be incorrect. [C:\Users\admin\Documents\FPGA\PacMan\PacMan.srcs\sources_1\new\pacman\pacman.v:]
WARNING: [filemgmt 56-199] Attempt to get parsing info during refresh. "On-the-fly" syntax checking information may be incorrect. [C:\Users\admin\Documents\FPGA\FPGA-Pac-Man\pacman\pacman.srcs\sources_1\new\Display\board\eat_score_ROM.v:]
WARNING: [filemgmt 56-199] Attempt to get parsing info during refresh. "On-the-fly" syntax checking information may be incorrect. [C:\Users\admin\Documents\FPGA\FPGA-Pac-Man\pacman\pacman.srcs\sources_1\new\Display\board\fruit_ROM_address_decoder.v:]
WARNING: [filemgmt 56-199] Attempt to get parsing info during refresh. "On-the-fly" syntax checking information may be incorrect. [C:\Users\admin\Documents\FPGA\FPGA-Pac-Man\pacman\pacman.srcs\sources_1\new\Display\board\board_display_cache.v:]
WARNING: [filemgmt 56-199] Attempt to get parsing info during refresh. "On-the-fly" syntax checking information may be incorrect. [C:\Users\admin\Documents\FPGA\FPGA-Pac-Man\pacman\pacman.srcs\sources_1\new\Display\output_display_array.v:]
WARNING: [filemgmt 56-199] Attempt to get parsing info during refresh. "On-the-fly" syntax checking information may be incorrect. [C:\Users\admin\Documents\FPGA\FPGA-Pac-Man\pacman\pacman.srcs\sources_1\new\VGA\VGA.v:]
WARNING: [filemgmt 56-199] Attempt to get parsing info during refresh. "On-the-fly" syntax checking information may be incorrect. [C:\Users\admin\Documents\FPGA\PacMan\PacMan.srcs\sources_1\new\pacman\pacman.v:]
WARNING: [filemgmt 56-199] Attempt to get parsing info during refresh. "On-the-fly" syntax checking information may be incorrect. [C:\Users\admin\Documents\FPGA\FPGA-Pac-Man\pacman\pacman.srcs\sources_1\new\Display\board\eat_score_ROM.v:]
WARNING: [filemgmt 56-199] Attempt to get parsing info during refresh. "On-the-fly" syntax checking information may be incorrect. [C:\Users\admin\Documents\FPGA\FPGA-Pac-Man\pacman\pacman.srcs\sources_1\new\Display\board\fruit_ROM_address_decoder.v:]
WARNING: [filemgmt 56-199] Attempt to get parsing info during refresh. "On-the-fly" syntax checking information may be incorrect. [C:\Users\admin\Documents\FPGA\FPGA-Pac-Man\pacman\pacman.srcs\sources_1\new\Display\board\board_display_cache.v:]
WARNING: [filemgmt 56-199] Attempt to get parsing info during refresh. "On-the-fly" syntax checking information may be incorrect. [C:\Users\admin\Documents\FPGA\FPGA-Pac-Man\pacman\pacman.srcs\sources_1\new\Display\output_display_array.v:]
WARNING: [filemgmt 56-199] Attempt to get parsing info during refresh. "On-the-fly" syntax checking information may be incorrect. [C:\Users\admin\Documents\FPGA\FPGA-Pac-Man\pacman\pacman.srcs\sources_1\new\VGA\VGA.v:]
WARNING: [filemgmt 56-199] Attempt to get parsing info during refresh. "On-the-fly" syntax checking information may be incorrect. [C:\Users\admin\Documents\FPGA\PacMan\PacMan.srcs\sources_1\new\pacman\pacman.v:]
WARNING: [filemgmt 56-199] Attempt to get parsing info during refresh. "On-the-fly" syntax checking information may be incorrect. [C:\Users\admin\Documents\FPGA\FPGA-Pac-Man\pacman\pacman.srcs\sources_1\new\Display\board\eat_score_ROM.v:]
WARNING: [filemgmt 56-199] Attempt to get parsing info during refresh. "On-the-fly" syntax checking information may be incorrect. [C:\Users\admin\Documents\FPGA\FPGA-Pac-Man\pacman\pacman.srcs\sources_1\new\Display\board\fruit_ROM_address_decoder.v:]
WARNING: [filemgmt 56-199] Attempt to get parsing info during refresh. "On-the-fly" syntax checking information may be incorrect. [C:\Users\admin\Documents\FPGA\FPGA-Pac-Man\pacman\pacman.srcs\sources_1\new\Display\board\board_display_cache.v:]
WARNING: [filemgmt 56-199] Attempt to get parsing info during refresh. "On-the-fly" syntax checking information may be incorrect. [C:\Users\admin\Documents\FPGA\FPGA-Pac-Man\pacman\pacman.srcs\sources_1\new\Display\output_display_array.v:]
WARNING: [filemgmt 56-199] Attempt to get parsing info during refresh. "On-the-fly" syntax checking information may be incorrect. [C:\Users\admin\Documents\FPGA\FPGA-Pac-Man\pacman\pacman.srcs\sources_1\new\VGA\VGA.v:]
WARNING: [filemgmt 56-199] Attempt to get parsing info during refresh. "On-the-fly" syntax checking information may be incorrect. [C:\Users\admin\Documents\FPGA\PacMan\PacMan.srcs\sources_1\new\pacman\pacman.v:]
WARNING: [filemgmt 56-199] Attempt to get parsing info during refresh. "On-the-fly" syntax checking information may be incorrect. [C:\Users\admin\Documents\FPGA\FPGA-Pac-Man\pacman\pacman.srcs\sources_1\new\Display\board\eat_score_ROM.v:]
ERROR: [Common 17-180] Spawn failed: No error
WARNING: [filemgmt 56-199] Attempt to get parsing info during refresh. "On-the-fly" syntax checking information may be incorrect. [C:\Users\admin\Documents\FPGA\FPGA-Pac-Man\pacman\pacman.srcs\sources_1\new\Display\board\fruit_ROM_address_decoder.v:]
WARNING: [filemgmt 56-199] Attempt to get parsing info during refresh. "On-the-fly" syntax checking information may be incorrect. [C:\Users\admin\Documents\FPGA\FPGA-Pac-Man\pacman\pacman.srcs\sources_1\new\Display\board\board_display_cache.v:]
WARNING: [filemgmt 56-199] Attempt to get parsing info during refresh. "On-the-fly" syntax checking information may be incorrect. [C:\Users\admin\Documents\FPGA\FPGA-Pac-Man\pacman\pacman.srcs\sources_1\new\Display\output_display_array.v:]
WARNING: [filemgmt 56-199] Attempt to get parsing info during refresh. "On-the-fly" syntax checking information may be incorrect. [C:\Users\admin\Documents\FPGA\FPGA-Pac-Man\pacman\pacman.srcs\sources_1\new\VGA\VGA.v:]
WARNING: [filemgmt 56-199] Attempt to get parsing info during refresh. "On-the-fly" syntax checking information may be incorrect. [C:\Users\admin\Documents\FPGA\PacMan\PacMan.srcs\sources_1\new\pacman\pacman.v:]
WARNING: [filemgmt 56-199] Attempt to get parsing info during refresh. "On-the-fly" syntax checking information may be incorrect. [C:\Users\admin\Documents\FPGA\FPGA-Pac-Man\pacman\pacman.srcs\sources_1\new\Display\board\eat_score_ROM.v:]
ERROR: [Common 17-180] Spawn failed: No error
WARNING: [filemgmt 56-199] Attempt to get parsing info during refresh. "On-the-fly" syntax checking information may be incorrect. [C:\Users\admin\Documents\FPGA\FPGA-Pac-Man\pacman\pacman.srcs\sources_1\new\Display\board\fruit_ROM_address_decoder.v:]
WARNING: [filemgmt 56-199] Attempt to get parsing info during refresh. "On-the-fly" syntax checking information may be incorrect. [C:\Users\admin\Documents\FPGA\FPGA-Pac-Man\pacman\pacman.srcs\sources_1\new\Display\board\board_display_cache.v:]
WARNING: [filemgmt 56-199] Attempt to get parsing info during refresh. "On-the-fly" syntax checking information may be incorrect. [C:\Users\admin\Documents\FPGA\FPGA-Pac-Man\pacman\pacman.srcs\sources_1\new\Display\output_display_array.v:]
WARNING: [filemgmt 56-199] Attempt to get parsing info during refresh. "On-the-fly" syntax checking information may be incorrect. [C:\Users\admin\Documents\FPGA\FPGA-Pac-Man\pacman\pacman.srcs\sources_1\new\VGA\VGA.v:]
WARNING: [filemgmt 56-199] Attempt to get parsing info during refresh. "On-the-fly" syntax checking information may be incorrect. [C:\Users\admin\Documents\FPGA\PacMan\PacMan.srcs\sources_1\new\pacman\pacman.v:]
WARNING: [filemgmt 56-199] Attempt to get parsing info during refresh. "On-the-fly" syntax checking information may be incorrect. [C:\Users\admin\Documents\FPGA\FPGA-Pac-Man\pacman\pacman.srcs\sources_1\new\Display\board\eat_score_ROM.v:]
ERROR: [Common 17-180] Spawn failed: No error
update_compile_order -fileset sources_1
WARNING: [filemgmt 56-199] Attempt to get parsing info during refresh. "On-the-fly" syntax checking information may be incorrect. [C:\Users\admin\Documents\FPGA\FPGA-Pac-Man\pacman\pacman.srcs\sources_1\new\Display\board\fruit_ROM_address_decoder.v:]
WARNING: [filemgmt 56-199] Attempt to get parsing info during refresh. "On-the-fly" syntax checking information may be incorrect. [C:\Users\admin\Documents\FPGA\FPGA-Pac-Man\pacman\pacman.srcs\sources_1\new\Display\board\board_display_cache.v:]
WARNING: [filemgmt 56-199] Attempt to get parsing info during refresh. "On-the-fly" syntax checking information may be incorrect. [C:\Users\admin\Documents\FPGA\FPGA-Pac-Man\pacman\pacman.srcs\sources_1\new\Display\output_display_array.v:]
WARNING: [filemgmt 56-199] Attempt to get parsing info during refresh. "On-the-fly" syntax checking information may be incorrect. [C:\Users\admin\Documents\FPGA\FPGA-Pac-Man\pacman\pacman.srcs\sources_1\new\VGA\VGA.v:]
WARNING: [filemgmt 56-199] Attempt to get parsing info during refresh. "On-the-fly" syntax checking information may be incorrect. [C:\Users\admin\Documents\FPGA\PacMan\PacMan.srcs\sources_1\new\pacman\pacman.v:]
WARNING: [filemgmt 56-199] Attempt to get parsing info during refresh. "On-the-fly" syntax checking information may be incorrect. [C:\Users\admin\Documents\FPGA\FPGA-Pac-Man\pacman\pacman.srcs\sources_1\new\Display\board\eat_score_ROM.v:]
ERROR: [Common 17-180] Spawn failed: No error
WARNING: [filemgmt 56-199] Attempt to get parsing info during refresh. "On-the-fly" syntax checking information may be incorrect. [C:\Users\admin\Documents\FPGA\FPGA-Pac-Man\pacman\pacman.srcs\sources_1\new\Display\board\fruit_ROM_address_decoder.v:]
WARNING: [filemgmt 56-199] Attempt to get parsing info during refresh. "On-the-fly" syntax checking information may be incorrect. [C:\Users\admin\Documents\FPGA\FPGA-Pac-Man\pacman\pacman.srcs\sources_1\new\Display\board\board_display_cache.v:]
WARNING: [filemgmt 56-199] Attempt to get parsing info during refresh. "On-the-fly" syntax checking information may be incorrect. [C:\Users\admin\Documents\FPGA\FPGA-Pac-Man\pacman\pacman.srcs\sources_1\new\Display\output_display_array.v:]
WARNING: [filemgmt 56-199] Attempt to get parsing info during refresh. "On-the-fly" syntax checking information may be incorrect. [C:\Users\admin\Documents\FPGA\FPGA-Pac-Man\pacman\pacman.srcs\sources_1\new\VGA\VGA.v:]
WARNING: [filemgmt 56-199] Attempt to get parsing info during refresh. "On-the-fly" syntax checking information may be incorrect. [C:\Users\admin\Documents\FPGA\PacMan\PacMan.srcs\sources_1\new\pacman\pacman.v:]
WARNING: [filemgmt 56-199] Attempt to get parsing info during refresh. "On-the-fly" syntax checking information may be incorrect. [C:\Users\admin\Documents\FPGA\FPGA-Pac-Man\pacman\pacman.srcs\sources_1\new\Display\board\eat_score_ROM.v:]
WARNING: [filemgmt 56-199] Attempt to get parsing info during refresh. "On-the-fly" syntax checking information may be incorrect. [C:\Users\admin\Documents\FPGA\FPGA-Pac-Man\pacman\pacman.srcs\sources_1\new\Display\board\fruit_ROM_address_decoder.v:]
WARNING: [filemgmt 56-199] Attempt to get parsing info during refresh. "On-the-fly" syntax checking information may be incorrect. [C:\Users\admin\Documents\FPGA\FPGA-Pac-Man\pacman\pacman.srcs\sources_1\new\Display\board\board_display_cache.v:]
WARNING: [filemgmt 56-199] Attempt to get parsing info during refresh. "On-the-fly" syntax checking information may be incorrect. [C:\Users\admin\Documents\FPGA\FPGA-Pac-Man\pacman\pacman.srcs\sources_1\new\Display\output_display_array.v:]
WARNING: [filemgmt 56-199] Attempt to get parsing info during refresh. "On-the-fly" syntax checking information may be incorrect. [C:\Users\admin\Documents\FPGA\FPGA-Pac-Man\pacman\pacman.srcs\sources_1\new\VGA\VGA.v:]
WARNING: [filemgmt 56-199] Attempt to get parsing info during refresh. "On-the-fly" syntax checking information may be incorrect. [C:\Users\admin\Documents\FPGA\PacMan\PacMan.srcs\sources_1\new\pacman\pacman.v:]
WARNING: [filemgmt 56-199] Attempt to get parsing info during refresh. "On-the-fly" syntax checking information may be incorrect. [C:\Users\admin\Documents\FPGA\FPGA-Pac-Man\pacman\pacman.srcs\sources_1\new\Display\board\eat_score_ROM.v:]
ERROR: [Common 17-180] Spawn failed: No error
WARNING: [filemgmt 56-199] Attempt to get parsing info during refresh. "On-the-fly" syntax checking information may be incorrect. [C:\Users\admin\Documents\FPGA\FPGA-Pac-Man\pacman\pacman.srcs\sources_1\new\Display\board\fruit_ROM_address_decoder.v:]
WARNING: [filemgmt 56-199] Attempt to get parsing info during refresh. "On-the-fly" syntax checking information may be incorrect. [C:\Users\admin\Documents\FPGA\FPGA-Pac-Man\pacman\pacman.srcs\sources_1\new\Display\board\board_display_cache.v:]
WARNING: [filemgmt 56-199] Attempt to get parsing info during refresh. "On-the-fly" syntax checking information may be incorrect. [C:\Users\admin\Documents\FPGA\FPGA-Pac-Man\pacman\pacman.srcs\sources_1\new\Display\output_display_array.v:]
WARNING: [filemgmt 56-199] Attempt to get parsing info during refresh. "On-the-fly" syntax checking information may be incorrect. [C:\Users\admin\Documents\FPGA\FPGA-Pac-Man\pacman\pacman.srcs\sources_1\new\VGA\VGA.v:]
WARNING: [filemgmt 56-199] Attempt to get parsing info during refresh. "On-the-fly" syntax checking information may be incorrect. [C:\Users\admin\Documents\FPGA\PacMan\PacMan.srcs\sources_1\new\pacman\pacman.v:]
WARNING: [filemgmt 56-199] Attempt to get parsing info during refresh. "On-the-fly" syntax checking information may be incorrect. [C:\Users\admin\Documents\FPGA\FPGA-Pac-Man\pacman\pacman.srcs\sources_1\new\Display\board\eat_score_ROM.v:]
ERROR: [Common 17-180] Spawn failed: No error
generate_target all [get_files  c:/Users/admin/Documents/FPGA/FPGA-Pac-Man/pacman/pacman.srcs/sources_1/ip/clk_wiz_1/clk_wiz_1.xci]
INFO: [IP_Flow 19-1686] Generating 'Synthesis' target for IP 'clk_wiz_1'...
INFO: [IP_Flow 19-1686] Generating 'Simulation' target for IP 'clk_wiz_1'...
INFO: [IP_Flow 19-1686] Generating 'Implementation' target for IP 'clk_wiz_1'...
INFO: [IP_Flow 19-1686] Generating 'Change Log' target for IP 'clk_wiz_1'...
catch { config_ip_cache -export [get_ips -all clk_wiz_1] }
INFO: [IP_Flow 19-6924] IPCACHE: Running cache check for IP inst: clk_wiz_1
export_ip_user_files -of_objects [get_files c:/Users/admin/Documents/FPGA/FPGA-Pac-Man/pacman/pacman.srcs/sources_1/ip/clk_wiz_1/clk_wiz_1.xci] -no_script -sync -force -quiet
INFO: [Vivado 12-23855] The given sub-design is auto disabled, no action will be taken: 'c:/Users/admin/Documents/FPGA/FPGA-Pac-Man/pacman/pacman.srcs/sources_1/ip/clk_wiz_1/clk_wiz_1.xci'
export_simulation -of_objects [get_files c:/Users/admin/Documents/FPGA/FPGA-Pac-Man/pacman/pacman.srcs/sources_1/ip/clk_wiz_1/clk_wiz_1.xci] -directory C:/Users/admin/Documents/FPGA/FPGA-Pac-Man/pacman/pacman.ip_user_files/sim_scripts -ip_user_files_dir C:/Users/admin/Documents/FPGA/FPGA-Pac-Man/pacman/pacman.ip_user_files -ipstatic_source_dir C:/Users/admin/Documents/FPGA/FPGA-Pac-Man/pacman/pacman.ip_user_files/ipstatic -lib_map_path [list {modelsim=C:/Users/admin/Documents/FPGA/FPGA-Pac-Man/pacman/pacman.cache/compile_simlib/modelsim} {questa=C:/Users/admin/Documents/FPGA/FPGA-Pac-Man/pacman/pacman.cache/compile_simlib/questa} {riviera=C:/Users/admin/Documents/FPGA/FPGA-Pac-Man/pacman/pacman.cache/compile_simlib/riviera} {activehdl=C:/Users/admin/Documents/FPGA/FPGA-Pac-Man/pacman/pacman.cache/compile_simlib/activehdl}] -use_ip_compiled_libs -force -quiet
WARNING: [filemgmt 56-199] Attempt to get parsing info during refresh. "On-the-fly" syntax checking information may be incorrect. [C:\Users\admin\Documents\FPGA\FPGA-Pac-Man\pacman\pacman.srcs\sources_1\new\VGA\VGA.v:]
WARNING: [filemgmt 56-199] Attempt to get parsing info during refresh. "On-the-fly" syntax checking information may be incorrect. [c:\Users\admin\Documents\FPGA\FPGA-Pac-Man\pacman\pacman.gen\sources_1\ip\clk_wiz_0\clk_wiz_0.v:]
WARNING: [filemgmt 56-199] Attempt to get parsing info during refresh. "On-the-fly" syntax checking information may be incorrect. [c:\Users\admin\Documents\FPGA\FPGA-Pac-Man\pacman\pacman.gen\sources_1\ip\clk_wiz_0\clk_wiz_0_clk_wiz.v:]
WARNING: [filemgmt 56-199] Attempt to get parsing info during refresh. "On-the-fly" syntax checking information may be incorrect. [C:\Users\admin\Documents\FPGA\FPGA-Pac-Man\pacman\pacman.srcs\sources_1\new\VGA\VGA.v:]
WARNING: [filemgmt 56-199] Attempt to get parsing info during refresh. "On-the-fly" syntax checking information may be incorrect. [c:\Users\admin\Documents\FPGA\FPGA-Pac-Man\pacman\pacman.gen\sources_1\ip\clk_wiz_0\clk_wiz_0.v:]
WARNING: [filemgmt 56-199] Attempt to get parsing info during refresh. "On-the-fly" syntax checking information may be incorrect. [c:\Users\admin\Documents\FPGA\FPGA-Pac-Man\pacman\pacman.gen\sources_1\ip\clk_wiz_0\clk_wiz_0_clk_wiz.v:]
ERROR: [Common 17-180] Spawn failed: No error
reset_run synth_1
launch_runs synth_1 -jobs 12
[Sun Jun  9 00:19:11 2024] Launched synth_1...
Run output will be captured here: C:/Users/admin/Documents/FPGA/FPGA-Pac-Man/pacman/pacman.runs/synth_1/runme.log
export_ip_user_files -of_objects  [get_files c:/Users/admin/Documents/FPGA/FPGA-Pac-Man/pacman/pacman.srcs/sources_1/ip/clk_wiz_1/clk_wiz_1.xci] -no_script -reset -force -quiet
remove_files  c:/Users/admin/Documents/FPGA/FPGA-Pac-Man/pacman/pacman.srcs/sources_1/ip/clk_wiz_1/clk_wiz_1.xci
WARNING: [filemgmt 56-199] Attempt to get parsing info during refresh. "On-the-fly" syntax checking information may be incorrect. [C:\Users\admin\Documents\FPGA\FPGA-Pac-Man\pacman\pacman.srcs\sources_1\new\Display\board\map_ROM_address_decoder.v:]
WARNING: [filemgmt 56-199] Attempt to get parsing info during refresh. "On-the-fly" syntax checking information may be incorrect. [C:\Users\admin\Documents\FPGA\FPGA-Pac-Man\pacman\pacman.srcs\sources_1\new\VGA\VGA.v:]
WARNING: [filemgmt 56-199] Attempt to get parsing info during refresh. "On-the-fly" syntax checking information may be incorrect. [c:\Users\admin\Documents\FPGA\FPGA-Pac-Man\pacman\pacman.gen\sources_1\ip\clk_wiz_0\clk_wiz_0.v:]
WARNING: [filemgmt 56-199] Attempt to get parsing info during refresh. "On-the-fly" syntax checking information may be incorrect. [c:\Users\admin\Documents\FPGA\FPGA-Pac-Man\pacman\pacman.gen\sources_1\ip\clk_wiz_0\clk_wiz_0_clk_wiz.v:]
