
*** Running vivado
    with args -log vga.vds -m64 -product Vivado -mode batch -messageDb vivado.pb -notrace -source vga.tcl


ECHO is off.
ECHO is off.

****** Vivado v2023.2 (64-bit)
  **** SW Build 4029153 on Fri Oct 13 20:14:34 MDT 2023
  **** IP Build 4028589 on Sat Oct 14 00:45:43 MDT 2023
  **** SharedData Build 4025554 on Tue Oct 10 17:18:54 MDT 2023
    ** Copyright 1986-2022 Xilinx, Inc. All Rights Reserved.
    ** Copyright 2022-2023 Advanced Micro Devices, Inc. All Rights Reserved.

source vga.tcl -notrace
create_project: Time (s): cpu = 00:00:05 ; elapsed = 00:00:06 . Memory (MB): peak = 455.930 ; gain = 181.402
Command: read_checkpoint -auto_incremental -incremental C:/Users/admin/Documents/FPGA/PacMan/PacMan.srcs/utils_1/imports/synth_1/display_cache.dcp
INFO: [Vivado 12-5825] Read reference checkpoint from C:/Users/admin/Documents/FPGA/PacMan/PacMan.srcs/utils_1/imports/synth_1/display_cache.dcp for incremental synthesis
INFO: [Vivado 12-7989] Please ensure there are no constraint changes
Command: synth_design -top vga -part xc7a100tcsg324-1
Starting synth_design
Attempting to get a license for feature 'Synthesis' and/or device 'xc7a100t'
INFO: [Common 17-349] Got license for feature 'Synthesis' and/or device 'xc7a100t'
INFO: [Device 21-403] Loading part xc7a100tcsg324-1
INFO: [Synth 8-7079] Multithreading enabled for synth_design using a maximum of 2 processes.
INFO: [Synth 8-7078] Launching helper process for spawning children vivado processes
WARNING: [Common 17-1361] You have specified a new message control rule that is equivalent to an existing rule with attributes ' -id {17-179}  -suppress '. The existing rule will be replaced.
INFO: [Synth 8-7075] Helper process launched with PID 11084
---------------------------------------------------------------------------------
Starting RTL Elaboration : Time (s): cpu = 00:00:05 ; elapsed = 00:00:05 . Memory (MB): peak = 1320.457 ; gain = 438.555
---------------------------------------------------------------------------------
INFO: [Synth 8-11241] undeclared symbol 'curent_ghost_flash_frame', assumed default net type 'wire' [C:/Users/admin/Documents/FPGA/FPGA-Pac-Man/pacman/pacman.srcs/sources_1/new/Display/board/board_display_cache.v:560]
WARNING: [Synth 8-10929] literal value 'd1280 truncated to fit in 10 bits [C:/Users/admin/Documents/FPGA/FPGA-Pac-Man/pacman/pacman.srcs/sources_1/new/Display/output_display_array.v:19]
WARNING: [Synth 8-10929] literal value 'd1280 truncated to fit in 10 bits [C:/Users/admin/Documents/FPGA/FPGA-Pac-Man/pacman/pacman.srcs/sources_1/new/Display/output_display_array.v:50]
INFO: [Synth 8-6157] synthesizing module 'vga' [C:/Users/admin/Documents/FPGA/FPGA-Pac-Man/pacman/pacman.srcs/sources_1/new/VGA/VGA.v:3]
INFO: [Synth 8-6157] synthesizing module 'clk_wiz_0' [C:/Users/admin/Documents/FPGA/FPGA-Pac-Man/pacman/PacMan.runs/synth_1/.Xil/Vivado-2472-DESKTOP-MJV8M7M/realtime/clk_wiz_0_stub.v:6]
INFO: [Synth 8-6155] done synthesizing module 'clk_wiz_0' (0#1) [C:/Users/admin/Documents/FPGA/FPGA-Pac-Man/pacman/PacMan.runs/synth_1/.Xil/Vivado-2472-DESKTOP-MJV8M7M/realtime/clk_wiz_0_stub.v:6]
INFO: [Synth 8-6157] synthesizing module 'output_display_array' [C:/Users/admin/Documents/FPGA/FPGA-Pac-Man/pacman/pacman.srcs/sources_1/new/Display/output_display_array.v:3]
INFO: [Synth 8-6157] synthesizing module 'board_display_cache' [C:/Users/admin/Documents/FPGA/FPGA-Pac-Man/pacman/pacman.srcs/sources_1/new/Display/board/board_display_cache.v:5]
INFO: [Synth 8-3876] $readmem data file 'pac_coordinate_ROM.mem' is read successfully [C:/Users/admin/Documents/FPGA/FPGA-Pac-Man/pacman/pacman.srcs/sources_1/new/Display/board/board_display_cache.v:403]
INFO: [Synth 8-6157] synthesizing module 'pac' [C:/Users/admin/Documents/FPGA/FPGA-Pac-Man/pacman/pacman.srcs/sources_1/new/pac/pac.v:3]
WARNING: [Synth 8-2898] ignoring malformed $readmem task: invalid memory name [C:/Users/admin/Documents/FPGA/FPGA-Pac-Man/pacman/pacman.srcs/sources_1/new/pac/pac.v:60]
INFO: [Synth 8-6155] done synthesizing module 'pac' (0#1) [C:/Users/admin/Documents/FPGA/FPGA-Pac-Man/pacman/pacman.srcs/sources_1/new/pac/pac.v:3]
WARNING: [Synth 8-7071] port 'clk' of module 'pac' is unconnected for instance 'nolabel_line410' [C:/Users/admin/Documents/FPGA/FPGA-Pac-Man/pacman/pacman.srcs/sources_1/new/Display/board/board_display_cache.v:410]
WARNING: [Synth 8-7071] port 'reset' of module 'pac' is unconnected for instance 'nolabel_line410' [C:/Users/admin/Documents/FPGA/FPGA-Pac-Man/pacman/pacman.srcs/sources_1/new/Display/board/board_display_cache.v:410]
WARNING: [Synth 8-7071] port 'pacman_tile_row' of module 'pac' is unconnected for instance 'nolabel_line410' [C:/Users/admin/Documents/FPGA/FPGA-Pac-Man/pacman/pacman.srcs/sources_1/new/Display/board/board_display_cache.v:410]
WARNING: [Synth 8-7071] port 'pacman_tile_col' of module 'pac' is unconnected for instance 'nolabel_line410' [C:/Users/admin/Documents/FPGA/FPGA-Pac-Man/pacman/pacman.srcs/sources_1/new/Display/board/board_display_cache.v:410]
WARNING: [Synth 8-7071] port 'pacman_px_shift' of module 'pac' is unconnected for instance 'nolabel_line410' [C:/Users/admin/Documents/FPGA/FPGA-Pac-Man/pacman/pacman.srcs/sources_1/new/Display/board/board_display_cache.v:410]
WARNING: [Synth 8-7071] port 'pacman_facing' of module 'pac' is unconnected for instance 'nolabel_line410' [C:/Users/admin/Documents/FPGA/FPGA-Pac-Man/pacman/pacman.srcs/sources_1/new/Display/board/board_display_cache.v:410]
WARNING: [Synth 8-7071] port 'eaten_pac_num' of module 'pac' is unconnected for instance 'nolabel_line410' [C:/Users/admin/Documents/FPGA/FPGA-Pac-Man/pacman/pacman.srcs/sources_1/new/Display/board/board_display_cache.v:410]
WARNING: [Synth 8-7023] instance 'nolabel_line410' of module 'pac' has 10 connections declared, but only 3 given [C:/Users/admin/Documents/FPGA/FPGA-Pac-Man/pacman/pacman.srcs/sources_1/new/Display/board/board_display_cache.v:410]
INFO: [Synth 8-6157] synthesizing module 'map_ROM_address_decoder' [C:/Users/admin/Documents/FPGA/FPGA-Pac-Man/pacman/pacman.srcs/sources_1/new/Display/board/map_ROM_address_decoder.v:3]
INFO: [Synth 8-6155] done synthesizing module 'map_ROM_address_decoder' (0#1) [C:/Users/admin/Documents/FPGA/FPGA-Pac-Man/pacman/pacman.srcs/sources_1/new/Display/board/map_ROM_address_decoder.v:3]
INFO: [Synth 8-6157] synthesizing module 'map_ROM' [C:/Users/admin/Documents/FPGA/FPGA-Pac-Man/pacman/pacman.srcs/sources_1/new/Display/board/map_ROM.v:3]
INFO: [Synth 8-3876] $readmem data file 'map_ROM.mem' is read successfully [C:/Users/admin/Documents/FPGA/FPGA-Pac-Man/pacman/pacman.srcs/sources_1/new/Display/board/map_ROM.v:18]
INFO: [Synth 8-3876] $readmem data file 'map_tile_ROM.mem' is read successfully [C:/Users/admin/Documents/FPGA/FPGA-Pac-Man/pacman/pacman.srcs/sources_1/new/Display/board/map_ROM.v:24]
INFO: [Synth 8-6155] done synthesizing module 'map_ROM' (0#1) [C:/Users/admin/Documents/FPGA/FPGA-Pac-Man/pacman/pacman.srcs/sources_1/new/Display/board/map_ROM.v:3]
INFO: [Synth 8-6157] synthesizing module 'pac_ROM_address_decoder' [C:/Users/admin/Documents/FPGA/FPGA-Pac-Man/pacman/pacman.srcs/sources_1/new/Display/board/pac_ROM_address_decoder.v:3]
INFO: [Synth 8-6155] done synthesizing module 'pac_ROM_address_decoder' (0#1) [C:/Users/admin/Documents/FPGA/FPGA-Pac-Man/pacman/pacman.srcs/sources_1/new/Display/board/pac_ROM_address_decoder.v:3]
INFO: [Synth 8-6157] synthesizing module 'pac_ROM' [C:/Users/admin/Documents/FPGA/FPGA-Pac-Man/pacman/pacman.srcs/sources_1/new/Display/board/pac_ROM.v:3]
WARNING: [Synth 8-2898] ignoring malformed $readmem task: invalid memory name [C:/Users/admin/Documents/FPGA/FPGA-Pac-Man/pacman/pacman.srcs/sources_1/new/Display/board/pac_ROM.v:13]
INFO: [Synth 8-6155] done synthesizing module 'pac_ROM' (0#1) [C:/Users/admin/Documents/FPGA/FPGA-Pac-Man/pacman/pacman.srcs/sources_1/new/Display/board/pac_ROM.v:3]
INFO: [Synth 8-6157] synthesizing module 'fruit_ROM_address_decoder' [C:/Users/admin/Documents/FPGA/FPGA-Pac-Man/pacman/pacman.srcs/sources_1/new/Display/board/fruit_ROM_address_decoder.v:3]
INFO: [Synth 8-6155] done synthesizing module 'fruit_ROM_address_decoder' (0#1) [C:/Users/admin/Documents/FPGA/FPGA-Pac-Man/pacman/pacman.srcs/sources_1/new/Display/board/fruit_ROM_address_decoder.v:3]
INFO: [Synth 8-6157] synthesizing module 'fruit_ROM' [C:/Users/admin/Documents/FPGA/FPGA-Pac-Man/pacman/pacman.srcs/sources_1/new/Display/board/fruit_ROM.v:3]
INFO: [Synth 8-3876] $readmem data file 'fruit_ROM.mem' is read successfully [C:/Users/admin/Documents/FPGA/FPGA-Pac-Man/pacman/pacman.srcs/sources_1/new/Display/board/fruit_ROM.v:12]
INFO: [Synth 8-6155] done synthesizing module 'fruit_ROM' (0#1) [C:/Users/admin/Documents/FPGA/FPGA-Pac-Man/pacman/pacman.srcs/sources_1/new/Display/board/fruit_ROM.v:3]
INFO: [Synth 8-6157] synthesizing module 'ghost_ROM_address_decoder' [C:/Users/admin/Documents/FPGA/FPGA-Pac-Man/pacman/pacman.srcs/sources_1/new/Display/board/ghost_ROM_address_decoder.v:3]
INFO: [Synth 8-6155] done synthesizing module 'ghost_ROM_address_decoder' (0#1) [C:/Users/admin/Documents/FPGA/FPGA-Pac-Man/pacman/pacman.srcs/sources_1/new/Display/board/ghost_ROM_address_decoder.v:3]
INFO: [Synth 8-6157] synthesizing module 'ghost_ROM' [C:/Users/admin/Documents/FPGA/FPGA-Pac-Man/pacman/pacman.srcs/sources_1/new/Display/board/ghost_ROM.v:3]
INFO: [Synth 8-3876] $readmem data file 'ghost_ROM.mem' is read successfully [C:/Users/admin/Documents/FPGA/FPGA-Pac-Man/pacman/pacman.srcs/sources_1/new/Display/board/ghost_ROM.v:16]
INFO: [Synth 8-6155] done synthesizing module 'ghost_ROM' (0#1) [C:/Users/admin/Documents/FPGA/FPGA-Pac-Man/pacman/pacman.srcs/sources_1/new/Display/board/ghost_ROM.v:3]
INFO: [Synth 8-6157] synthesizing module 'pacman_ROM_address_decoder' [C:/Users/admin/Documents/FPGA/FPGA-Pac-Man/pacman/pacman.srcs/sources_1/new/Display/board/pacman_ROM_address_decoder.v:3]
INFO: [Synth 8-6155] done synthesizing module 'pacman_ROM_address_decoder' (0#1) [C:/Users/admin/Documents/FPGA/FPGA-Pac-Man/pacman/pacman.srcs/sources_1/new/Display/board/pacman_ROM_address_decoder.v:3]
INFO: [Synth 8-6157] synthesizing module 'pacman_ROM' [C:/Users/admin/Documents/FPGA/FPGA-Pac-Man/pacman/pacman.srcs/sources_1/new/Display/board/pacman_ROM.v:3]
WARNING: [Synth 8-2898] ignoring malformed $readmem task: invalid memory name [C:/Users/admin/Documents/FPGA/FPGA-Pac-Man/pacman/pacman.srcs/sources_1/new/Display/board/pacman_ROM.v:14]
INFO: [Synth 8-6155] done synthesizing module 'pacman_ROM' (0#1) [C:/Users/admin/Documents/FPGA/FPGA-Pac-Man/pacman/pacman.srcs/sources_1/new/Display/board/pacman_ROM.v:3]
INFO: [Synth 8-155] case statement is not full and has no default [C:/Users/admin/Documents/FPGA/FPGA-Pac-Man/pacman/pacman.srcs/sources_1/new/Display/board/board_display_cache.v:603]
INFO: [Synth 8-6155] done synthesizing module 'board_display_cache' (0#1) [C:/Users/admin/Documents/FPGA/FPGA-Pac-Man/pacman/pacman.srcs/sources_1/new/Display/board/board_display_cache.v:5]
WARNING: [Synth 8-7071] port 'clk' of module 'board_display_cache' is unconnected for instance 'nolabel_line40' [C:/Users/admin/Documents/FPGA/FPGA-Pac-Man/pacman/pacman.srcs/sources_1/new/Display/output_display_array.v:40]
WARNING: [Synth 8-7071] port 'clk_60' of module 'board_display_cache' is unconnected for instance 'nolabel_line40' [C:/Users/admin/Documents/FPGA/FPGA-Pac-Man/pacman/pacman.srcs/sources_1/new/Display/output_display_array.v:40]
WARNING: [Synth 8-7071] port 'refresh' of module 'board_display_cache' is unconnected for instance 'nolabel_line40' [C:/Users/admin/Documents/FPGA/FPGA-Pac-Man/pacman/pacman.srcs/sources_1/new/Display/output_display_array.v:40]
WARNING: [Synth 8-7071] port 'fright' of module 'board_display_cache' is unconnected for instance 'nolabel_line40' [C:/Users/admin/Documents/FPGA/FPGA-Pac-Man/pacman/pacman.srcs/sources_1/new/Display/output_display_array.v:40]
WARNING: [Synth 8-7071] port 'pacman_tile_row' of module 'board_display_cache' is unconnected for instance 'nolabel_line40' [C:/Users/admin/Documents/FPGA/FPGA-Pac-Man/pacman/pacman.srcs/sources_1/new/Display/output_display_array.v:40]
WARNING: [Synth 8-7071] port 'pacman_tile_col' of module 'board_display_cache' is unconnected for instance 'nolabel_line40' [C:/Users/admin/Documents/FPGA/FPGA-Pac-Man/pacman/pacman.srcs/sources_1/new/Display/output_display_array.v:40]
WARNING: [Synth 8-7071] port 'pacman_px_shift' of module 'board_display_cache' is unconnected for instance 'nolabel_line40' [C:/Users/admin/Documents/FPGA/FPGA-Pac-Man/pacman/pacman.srcs/sources_1/new/Display/output_display_array.v:40]
WARNING: [Synth 8-7071] port 'pacman_facing' of module 'board_display_cache' is unconnected for instance 'nolabel_line40' [C:/Users/admin/Documents/FPGA/FPGA-Pac-Man/pacman/pacman.srcs/sources_1/new/Display/output_display_array.v:40]
WARNING: [Synth 8-7071] port 'bliky_tile_row' of module 'board_display_cache' is unconnected for instance 'nolabel_line40' [C:/Users/admin/Documents/FPGA/FPGA-Pac-Man/pacman/pacman.srcs/sources_1/new/Display/output_display_array.v:40]
WARNING: [Synth 8-7071] port 'bliky_tile_col' of module 'board_display_cache' is unconnected for instance 'nolabel_line40' [C:/Users/admin/Documents/FPGA/FPGA-Pac-Man/pacman/pacman.srcs/sources_1/new/Display/output_display_array.v:40]
WARNING: [Synth 8-7071] port 'bliky_px_shift' of module 'board_display_cache' is unconnected for instance 'nolabel_line40' [C:/Users/admin/Documents/FPGA/FPGA-Pac-Man/pacman/pacman.srcs/sources_1/new/Display/output_display_array.v:40]
WARNING: [Synth 8-7071] port 'bliky_facing' of module 'board_display_cache' is unconnected for instance 'nolabel_line40' [C:/Users/admin/Documents/FPGA/FPGA-Pac-Man/pacman/pacman.srcs/sources_1/new/Display/output_display_array.v:40]
WARNING: [Synth 8-7071] port 'pinky_tile_row' of module 'board_display_cache' is unconnected for instance 'nolabel_line40' [C:/Users/admin/Documents/FPGA/FPGA-Pac-Man/pacman/pacman.srcs/sources_1/new/Display/output_display_array.v:40]
WARNING: [Synth 8-7071] port 'pinky_tile_col' of module 'board_display_cache' is unconnected for instance 'nolabel_line40' [C:/Users/admin/Documents/FPGA/FPGA-Pac-Man/pacman/pacman.srcs/sources_1/new/Display/output_display_array.v:40]
WARNING: [Synth 8-7071] port 'pinky_px_shift' of module 'board_display_cache' is unconnected for instance 'nolabel_line40' [C:/Users/admin/Documents/FPGA/FPGA-Pac-Man/pacman/pacman.srcs/sources_1/new/Display/output_display_array.v:40]
WARNING: [Synth 8-7071] port 'pinky_facing' of module 'board_display_cache' is unconnected for instance 'nolabel_line40' [C:/Users/admin/Documents/FPGA/FPGA-Pac-Man/pacman/pacman.srcs/sources_1/new/Display/output_display_array.v:40]
WARNING: [Synth 8-7071] port 'inky_tile_row' of module 'board_display_cache' is unconnected for instance 'nolabel_line40' [C:/Users/admin/Documents/FPGA/FPGA-Pac-Man/pacman/pacman.srcs/sources_1/new/Display/output_display_array.v:40]
WARNING: [Synth 8-7071] port 'inky_tile_col' of module 'board_display_cache' is unconnected for instance 'nolabel_line40' [C:/Users/admin/Documents/FPGA/FPGA-Pac-Man/pacman/pacman.srcs/sources_1/new/Display/output_display_array.v:40]
WARNING: [Synth 8-7071] port 'inky_px_shift' of module 'board_display_cache' is unconnected for instance 'nolabel_line40' [C:/Users/admin/Documents/FPGA/FPGA-Pac-Man/pacman/pacman.srcs/sources_1/new/Display/output_display_array.v:40]
WARNING: [Synth 8-7071] port 'inky_facing' of module 'board_display_cache' is unconnected for instance 'nolabel_line40' [C:/Users/admin/Documents/FPGA/FPGA-Pac-Man/pacman/pacman.srcs/sources_1/new/Display/output_display_array.v:40]
WARNING: [Synth 8-7071] port 'clyde_tile_row' of module 'board_display_cache' is unconnected for instance 'nolabel_line40' [C:/Users/admin/Documents/FPGA/FPGA-Pac-Man/pacman/pacman.srcs/sources_1/new/Display/output_display_array.v:40]
WARNING: [Synth 8-7071] port 'clyde_tile_col' of module 'board_display_cache' is unconnected for instance 'nolabel_line40' [C:/Users/admin/Documents/FPGA/FPGA-Pac-Man/pacman/pacman.srcs/sources_1/new/Display/output_display_array.v:40]
WARNING: [Synth 8-7071] port 'clyde_px_shift' of module 'board_display_cache' is unconnected for instance 'nolabel_line40' [C:/Users/admin/Documents/FPGA/FPGA-Pac-Man/pacman/pacman.srcs/sources_1/new/Display/output_display_array.v:40]
WARNING: [Synth 8-7071] port 'clyde_facing' of module 'board_display_cache' is unconnected for instance 'nolabel_line40' [C:/Users/admin/Documents/FPGA/FPGA-Pac-Man/pacman/pacman.srcs/sources_1/new/Display/output_display_array.v:40]
WARNING: [Synth 8-7071] port 'fruit_type' of module 'board_display_cache' is unconnected for instance 'nolabel_line40' [C:/Users/admin/Documents/FPGA/FPGA-Pac-Man/pacman/pacman.srcs/sources_1/new/Display/output_display_array.v:40]
WARNING: [Synth 8-7071] port 'fruit_exist' of module 'board_display_cache' is unconnected for instance 'nolabel_line40' [C:/Users/admin/Documents/FPGA/FPGA-Pac-Man/pacman/pacman.srcs/sources_1/new/Display/output_display_array.v:40]
WARNING: [Synth 8-7071] port 'score_num' of module 'board_display_cache' is unconnected for instance 'nolabel_line40' [C:/Users/admin/Documents/FPGA/FPGA-Pac-Man/pacman/pacman.srcs/sources_1/new/Display/output_display_array.v:40]
WARNING: [Synth 8-7023] instance 'nolabel_line40' of module 'board_display_cache' has 31 connections declared, but only 4 given [C:/Users/admin/Documents/FPGA/FPGA-Pac-Man/pacman/pacman.srcs/sources_1/new/Display/output_display_array.v:40]
INFO: [Synth 8-6155] done synthesizing module 'output_display_array' (0#1) [C:/Users/admin/Documents/FPGA/FPGA-Pac-Man/pacman/pacman.srcs/sources_1/new/Display/output_display_array.v:3]
WARNING: [Synth 8-7071] port 'clk' of module 'output_display_array' is unconnected for instance 'nolabel_line88' [C:/Users/admin/Documents/FPGA/FPGA-Pac-Man/pacman/pacman.srcs/sources_1/new/VGA/VGA.v:88]
WARNING: [Synth 8-7023] instance 'nolabel_line88' of module 'output_display_array' has 6 connections declared, but only 5 given [C:/Users/admin/Documents/FPGA/FPGA-Pac-Man/pacman/pacman.srcs/sources_1/new/VGA/VGA.v:88]
INFO: [Synth 8-6155] done synthesizing module 'vga' (0#1) [C:/Users/admin/Documents/FPGA/FPGA-Pac-Man/pacman/pacman.srcs/sources_1/new/VGA/VGA.v:3]
WARNING: [Synth 8-4767] Trying to implement RAM ' ' in registers. Block RAM or DRAM implementation is not possible; see log for reasons.
	1: Unable to determine number of words or word size in RAM. 
	2: No valid read/write found for RAM. 
RAM dissolved into registers
WARNING: [Synth 8-3848] Net ROM in module/entity pac_ROM does not have driver. [C:/Users/admin/Documents/FPGA/FPGA-Pac-Man/pacman/pacman.srcs/sources_1/new/Display/board/pac_ROM.v:11]
WARNING: [Synth 8-3848] Net ROM in module/entity pac_ROM does not have driver. [C:/Users/admin/Documents/FPGA/FPGA-Pac-Man/pacman/pacman.srcs/sources_1/new/Display/board/pac_ROM.v:11]
WARNING: [Synth 8-3848] Net ROM in module/entity pac_ROM does not have driver. [C:/Users/admin/Documents/FPGA/FPGA-Pac-Man/pacman/pacman.srcs/sources_1/new/Display/board/pac_ROM.v:11]
WARNING: [Synth 8-3848] Net ROM in module/entity pac_ROM does not have driver. [C:/Users/admin/Documents/FPGA/FPGA-Pac-Man/pacman/pacman.srcs/sources_1/new/Display/board/pac_ROM.v:11]
WARNING: [Synth 8-3848] Net ROM in module/entity pac_ROM does not have driver. [C:/Users/admin/Documents/FPGA/FPGA-Pac-Man/pacman/pacman.srcs/sources_1/new/Display/board/pac_ROM.v:11]
WARNING: [Synth 8-3848] Net ROM in module/entity pac_ROM does not have driver. [C:/Users/admin/Documents/FPGA/FPGA-Pac-Man/pacman/pacman.srcs/sources_1/new/Display/board/pac_ROM.v:11]
WARNING: [Synth 8-3848] Net ROM in module/entity pac_ROM does not have driver. [C:/Users/admin/Documents/FPGA/FPGA-Pac-Man/pacman/pacman.srcs/sources_1/new/Display/board/pac_ROM.v:11]
WARNING: [Synth 8-3848] Net ROM in module/entity pac_ROM does not have driver. [C:/Users/admin/Documents/FPGA/FPGA-Pac-Man/pacman/pacman.srcs/sources_1/new/Display/board/pac_ROM.v:11]
WARNING: [Synth 8-3848] Net ROM in module/entity pac_ROM does not have driver. [C:/Users/admin/Documents/FPGA/FPGA-Pac-Man/pacman/pacman.srcs/sources_1/new/Display/board/pac_ROM.v:11]
WARNING: [Synth 8-3848] Net ROM in module/entity pac_ROM does not have driver. [C:/Users/admin/Documents/FPGA/FPGA-Pac-Man/pacman/pacman.srcs/sources_1/new/Display/board/pac_ROM.v:11]
WARNING: [Synth 8-3848] Net ROM in module/entity pac_ROM does not have driver. [C:/Users/admin/Documents/FPGA/FPGA-Pac-Man/pacman/pacman.srcs/sources_1/new/Display/board/pac_ROM.v:11]
WARNING: [Synth 8-3848] Net ROM in module/entity pac_ROM does not have driver. [C:/Users/admin/Documents/FPGA/FPGA-Pac-Man/pacman/pacman.srcs/sources_1/new/Display/board/pac_ROM.v:11]
WARNING: [Synth 8-3848] Net ROM in module/entity pac_ROM does not have driver. [C:/Users/admin/Documents/FPGA/FPGA-Pac-Man/pacman/pacman.srcs/sources_1/new/Display/board/pac_ROM.v:11]
WARNING: [Synth 8-3848] Net ROM in module/entity pac_ROM does not have driver. [C:/Users/admin/Documents/FPGA/FPGA-Pac-Man/pacman/pacman.srcs/sources_1/new/Display/board/pac_ROM.v:11]
WARNING: [Synth 8-3848] Net ROM in module/entity pac_ROM does not have driver. [C:/Users/admin/Documents/FPGA/FPGA-Pac-Man/pacman/pacman.srcs/sources_1/new/Display/board/pac_ROM.v:11]
WARNING: [Synth 8-3848] Net ROM in module/entity pac_ROM does not have driver. [C:/Users/admin/Documents/FPGA/FPGA-Pac-Man/pacman/pacman.srcs/sources_1/new/Display/board/pac_ROM.v:11]
WARNING: [Synth 8-3848] Net ROM in module/entity pac_ROM does not have driver. [C:/Users/admin/Documents/FPGA/FPGA-Pac-Man/pacman/pacman.srcs/sources_1/new/Display/board/pac_ROM.v:11]
WARNING: [Synth 8-3848] Net ROM in module/entity pac_ROM does not have driver. [C:/Users/admin/Documents/FPGA/FPGA-Pac-Man/pacman/pacman.srcs/sources_1/new/Display/board/pac_ROM.v:11]
WARNING: [Synth 8-3848] Net ROM in module/entity pac_ROM does not have driver. [C:/Users/admin/Documents/FPGA/FPGA-Pac-Man/pacman/pacman.srcs/sources_1/new/Display/board/pac_ROM.v:11]
WARNING: [Synth 8-3848] Net ROM in module/entity pac_ROM does not have driver. [C:/Users/admin/Documents/FPGA/FPGA-Pac-Man/pacman/pacman.srcs/sources_1/new/Display/board/pac_ROM.v:11]
WARNING: [Synth 8-3848] Net ROM in module/entity pac_ROM does not have driver. [C:/Users/admin/Documents/FPGA/FPGA-Pac-Man/pacman/pacman.srcs/sources_1/new/Display/board/pac_ROM.v:11]
WARNING: [Synth 8-3848] Net ROM in module/entity pac_ROM does not have driver. [C:/Users/admin/Documents/FPGA/FPGA-Pac-Man/pacman/pacman.srcs/sources_1/new/Display/board/pac_ROM.v:11]
WARNING: [Synth 8-3848] Net ROM in module/entity pac_ROM does not have driver. [C:/Users/admin/Documents/FPGA/FPGA-Pac-Man/pacman/pacman.srcs/sources_1/new/Display/board/pac_ROM.v:11]
WARNING: [Synth 8-3848] Net ROM in module/entity pac_ROM does not have driver. [C:/Users/admin/Documents/FPGA/FPGA-Pac-Man/pacman/pacman.srcs/sources_1/new/Display/board/pac_ROM.v:11]
WARNING: [Synth 8-3848] Net ROM in module/entity pac_ROM does not have driver. [C:/Users/admin/Documents/FPGA/FPGA-Pac-Man/pacman/pacman.srcs/sources_1/new/Display/board/pac_ROM.v:11]
WARNING: [Synth 8-3848] Net ROM in module/entity pac_ROM does not have driver. [C:/Users/admin/Documents/FPGA/FPGA-Pac-Man/pacman/pacman.srcs/sources_1/new/Display/board/pac_ROM.v:11]
WARNING: [Synth 8-3848] Net ROM in module/entity pac_ROM does not have driver. [C:/Users/admin/Documents/FPGA/FPGA-Pac-Man/pacman/pacman.srcs/sources_1/new/Display/board/pac_ROM.v:11]
WARNING: [Synth 8-3848] Net ROM in module/entity pac_ROM does not have driver. [C:/Users/admin/Documents/FPGA/FPGA-Pac-Man/pacman/pacman.srcs/sources_1/new/Display/board/pac_ROM.v:11]
WARNING: [Synth 8-3848] Net ROM in module/entity pac_ROM does not have driver. [C:/Users/admin/Documents/FPGA/FPGA-Pac-Man/pacman/pacman.srcs/sources_1/new/Display/board/pac_ROM.v:11]
WARNING: [Synth 8-3848] Net ROM in module/entity pac_ROM does not have driver. [C:/Users/admin/Documents/FPGA/FPGA-Pac-Man/pacman/pacman.srcs/sources_1/new/Display/board/pac_ROM.v:11]
WARNING: [Synth 8-3848] Net ROM in module/entity pac_ROM does not have driver. [C:/Users/admin/Documents/FPGA/FPGA-Pac-Man/pacman/pacman.srcs/sources_1/new/Display/board/pac_ROM.v:11]
WARNING: [Synth 8-3848] Net ROM in module/entity pac_ROM does not have driver. [C:/Users/admin/Documents/FPGA/FPGA-Pac-Man/pacman/pacman.srcs/sources_1/new/Display/board/pac_ROM.v:11]
WARNING: [Synth 8-3848] Net ROM in module/entity pac_ROM does not have driver. [C:/Users/admin/Documents/FPGA/FPGA-Pac-Man/pacman/pacman.srcs/sources_1/new/Display/board/pac_ROM.v:11]
WARNING: [Synth 8-3848] Net ROM in module/entity pac_ROM does not have driver. [C:/Users/admin/Documents/FPGA/FPGA-Pac-Man/pacman/pacman.srcs/sources_1/new/Display/board/pac_ROM.v:11]
WARNING: [Synth 8-3848] Net ROM in module/entity pac_ROM does not have driver. [C:/Users/admin/Documents/FPGA/FPGA-Pac-Man/pacman/pacman.srcs/sources_1/new/Display/board/pac_ROM.v:11]
WARNING: [Synth 8-3848] Net ROM in module/entity pac_ROM does not have driver. [C:/Users/admin/Documents/FPGA/FPGA-Pac-Man/pacman/pacman.srcs/sources_1/new/Display/board/pac_ROM.v:11]
WARNING: [Synth 8-3848] Net ROM in module/entity pac_ROM does not have driver. [C:/Users/admin/Documents/FPGA/FPGA-Pac-Man/pacman/pacman.srcs/sources_1/new/Display/board/pac_ROM.v:11]
WARNING: [Synth 8-3848] Net ROM in module/entity pac_ROM does not have driver. [C:/Users/admin/Documents/FPGA/FPGA-Pac-Man/pacman/pacman.srcs/sources_1/new/Display/board/pac_ROM.v:11]
WARNING: [Synth 8-3848] Net ROM in module/entity pac_ROM does not have driver. [C:/Users/admin/Documents/FPGA/FPGA-Pac-Man/pacman/pacman.srcs/sources_1/new/Display/board/pac_ROM.v:11]
WARNING: [Synth 8-3848] Net ROM in module/entity pac_ROM does not have driver. [C:/Users/admin/Documents/FPGA/FPGA-Pac-Man/pacman/pacman.srcs/sources_1/new/Display/board/pac_ROM.v:11]
WARNING: [Synth 8-3848] Net ROM in module/entity pac_ROM does not have driver. [C:/Users/admin/Documents/FPGA/FPGA-Pac-Man/pacman/pacman.srcs/sources_1/new/Display/board/pac_ROM.v:11]
WARNING: [Synth 8-3848] Net ROM in module/entity pac_ROM does not have driver. [C:/Users/admin/Documents/FPGA/FPGA-Pac-Man/pacman/pacman.srcs/sources_1/new/Display/board/pac_ROM.v:11]
WARNING: [Synth 8-3848] Net ROM in module/entity pac_ROM does not have driver. [C:/Users/admin/Documents/FPGA/FPGA-Pac-Man/pacman/pacman.srcs/sources_1/new/Display/board/pac_ROM.v:11]
WARNING: [Synth 8-3848] Net ROM in module/entity pac_ROM does not have driver. [C:/Users/admin/Documents/FPGA/FPGA-Pac-Man/pacman/pacman.srcs/sources_1/new/Display/board/pac_ROM.v:11]
WARNING: [Synth 8-3848] Net ROM in module/entity pac_ROM does not have driver. [C:/Users/admin/Documents/FPGA/FPGA-Pac-Man/pacman/pacman.srcs/sources_1/new/Display/board/pac_ROM.v:11]
WARNING: [Synth 8-3848] Net ROM in module/entity pac_ROM does not have driver. [C:/Users/admin/Documents/FPGA/FPGA-Pac-Man/pacman/pacman.srcs/sources_1/new/Display/board/pac_ROM.v:11]
WARNING: [Synth 8-3848] Net ROM in module/entity pac_ROM does not have driver. [C:/Users/admin/Documents/FPGA/FPGA-Pac-Man/pacman/pacman.srcs/sources_1/new/Display/board/pac_ROM.v:11]
WARNING: [Synth 8-3848] Net ROM in module/entity pac_ROM does not have driver. [C:/Users/admin/Documents/FPGA/FPGA-Pac-Man/pacman/pacman.srcs/sources_1/new/Display/board/pac_ROM.v:11]
WARNING: [Synth 8-3848] Net ROM in module/entity pac_ROM does not have driver. [C:/Users/admin/Documents/FPGA/FPGA-Pac-Man/pacman/pacman.srcs/sources_1/new/Display/board/pac_ROM.v:11]
WARNING: [Synth 8-3848] Net ROM in module/entity pac_ROM does not have driver. [C:/Users/admin/Documents/FPGA/FPGA-Pac-Man/pacman/pacman.srcs/sources_1/new/Display/board/pac_ROM.v:11]
WARNING: [Synth 8-3848] Net ROM in module/entity pac_ROM does not have driver. [C:/Users/admin/Documents/FPGA/FPGA-Pac-Man/pacman/pacman.srcs/sources_1/new/Display/board/pac_ROM.v:11]
WARNING: [Synth 8-3848] Net ROM in module/entity pac_ROM does not have driver. [C:/Users/admin/Documents/FPGA/FPGA-Pac-Man/pacman/pacman.srcs/sources_1/new/Display/board/pac_ROM.v:11]
WARNING: [Synth 8-3848] Net ROM in module/entity pac_ROM does not have driver. [C:/Users/admin/Documents/FPGA/FPGA-Pac-Man/pacman/pacman.srcs/sources_1/new/Display/board/pac_ROM.v:11]
WARNING: [Synth 8-3848] Net ROM in module/entity pac_ROM does not have driver. [C:/Users/admin/Documents/FPGA/FPGA-Pac-Man/pacman/pacman.srcs/sources_1/new/Display/board/pac_ROM.v:11]
WARNING: [Synth 8-3848] Net ROM in module/entity pac_ROM does not have driver. [C:/Users/admin/Documents/FPGA/FPGA-Pac-Man/pacman/pacman.srcs/sources_1/new/Display/board/pac_ROM.v:11]
WARNING: [Synth 8-3848] Net ROM in module/entity pac_ROM does not have driver. [C:/Users/admin/Documents/FPGA/FPGA-Pac-Man/pacman/pacman.srcs/sources_1/new/Display/board/pac_ROM.v:11]
WARNING: [Synth 8-3848] Net ROM in module/entity pac_ROM does not have driver. [C:/Users/admin/Documents/FPGA/FPGA-Pac-Man/pacman/pacman.srcs/sources_1/new/Display/board/pac_ROM.v:11]
WARNING: [Synth 8-3848] Net ROM in module/entity pac_ROM does not have driver. [C:/Users/admin/Documents/FPGA/FPGA-Pac-Man/pacman/pacman.srcs/sources_1/new/Display/board/pac_ROM.v:11]
WARNING: [Synth 8-3848] Net ROM in module/entity pac_ROM does not have driver. [C:/Users/admin/Documents/FPGA/FPGA-Pac-Man/pacman/pacman.srcs/sources_1/new/Display/board/pac_ROM.v:11]
WARNING: [Synth 8-3848] Net ROM in module/entity pac_ROM does not have driver. [C:/Users/admin/Documents/FPGA/FPGA-Pac-Man/pacman/pacman.srcs/sources_1/new/Display/board/pac_ROM.v:11]
WARNING: [Synth 8-3848] Net ROM in module/entity pac_ROM does not have driver. [C:/Users/admin/Documents/FPGA/FPGA-Pac-Man/pacman/pacman.srcs/sources_1/new/Display/board/pac_ROM.v:11]
WARNING: [Synth 8-3848] Net ROM in module/entity pac_ROM does not have driver. [C:/Users/admin/Documents/FPGA/FPGA-Pac-Man/pacman/pacman.srcs/sources_1/new/Display/board/pac_ROM.v:11]
WARNING: [Synth 8-3848] Net ROM in module/entity pac_ROM does not have driver. [C:/Users/admin/Documents/FPGA/FPGA-Pac-Man/pacman/pacman.srcs/sources_1/new/Display/board/pac_ROM.v:11]
WARNING: [Synth 8-3848] Net ROM in module/entity pac_ROM does not have driver. [C:/Users/admin/Documents/FPGA/FPGA-Pac-Man/pacman/pacman.srcs/sources_1/new/Display/board/pac_ROM.v:11]
WARNING: [Synth 8-3848] Net ROM in module/entity pac_ROM does not have driver. [C:/Users/admin/Documents/FPGA/FPGA-Pac-Man/pacman/pacman.srcs/sources_1/new/Display/board/pac_ROM.v:11]
WARNING: [Synth 8-3848] Net ROM in module/entity pac_ROM does not have driver. [C:/Users/admin/Documents/FPGA/FPGA-Pac-Man/pacman/pacman.srcs/sources_1/new/Display/board/pac_ROM.v:11]
WARNING: [Synth 8-3848] Net ROM in module/entity pac_ROM does not have driver. [C:/Users/admin/Documents/FPGA/FPGA-Pac-Man/pacman/pacman.srcs/sources_1/new/Display/board/pac_ROM.v:11]
WARNING: [Synth 8-3848] Net ROM in module/entity pac_ROM does not have driver. [C:/Users/admin/Documents/FPGA/FPGA-Pac-Man/pacman/pacman.srcs/sources_1/new/Display/board/pac_ROM.v:11]
WARNING: [Synth 8-3848] Net ROM in module/entity pac_ROM does not have driver. [C:/Users/admin/Documents/FPGA/FPGA-Pac-Man/pacman/pacman.srcs/sources_1/new/Display/board/pac_ROM.v:11]
WARNING: [Synth 8-3848] Net ROM in module/entity pac_ROM does not have driver. [C:/Users/admin/Documents/FPGA/FPGA-Pac-Man/pacman/pacman.srcs/sources_1/new/Display/board/pac_ROM.v:11]
WARNING: [Synth 8-3848] Net ROM in module/entity pac_ROM does not have driver. [C:/Users/admin/Documents/FPGA/FPGA-Pac-Man/pacman/pacman.srcs/sources_1/new/Display/board/pac_ROM.v:11]
WARNING: [Synth 8-3848] Net ROM in module/entity pac_ROM does not have driver. [C:/Users/admin/Documents/FPGA/FPGA-Pac-Man/pacman/pacman.srcs/sources_1/new/Display/board/pac_ROM.v:11]
WARNING: [Synth 8-3848] Net ROM in module/entity pac_ROM does not have driver. [C:/Users/admin/Documents/FPGA/FPGA-Pac-Man/pacman/pacman.srcs/sources_1/new/Display/board/pac_ROM.v:11]
WARNING: [Synth 8-3848] Net ROM in module/entity pac_ROM does not have driver. [C:/Users/admin/Documents/FPGA/FPGA-Pac-Man/pacman/pacman.srcs/sources_1/new/Display/board/pac_ROM.v:11]
WARNING: [Synth 8-3848] Net ROM in module/entity pac_ROM does not have driver. [C:/Users/admin/Documents/FPGA/FPGA-Pac-Man/pacman/pacman.srcs/sources_1/new/Display/board/pac_ROM.v:11]
WARNING: [Synth 8-3848] Net ROM in module/entity pac_ROM does not have driver. [C:/Users/admin/Documents/FPGA/FPGA-Pac-Man/pacman/pacman.srcs/sources_1/new/Display/board/pac_ROM.v:11]
WARNING: [Synth 8-3848] Net ROM in module/entity pac_ROM does not have driver. [C:/Users/admin/Documents/FPGA/FPGA-Pac-Man/pacman/pacman.srcs/sources_1/new/Display/board/pac_ROM.v:11]
WARNING: [Synth 8-3848] Net ROM in module/entity pac_ROM does not have driver. [C:/Users/admin/Documents/FPGA/FPGA-Pac-Man/pacman/pacman.srcs/sources_1/new/Display/board/pac_ROM.v:11]
WARNING: [Synth 8-3848] Net ROM in module/entity pac_ROM does not have driver. [C:/Users/admin/Documents/FPGA/FPGA-Pac-Man/pacman/pacman.srcs/sources_1/new/Display/board/pac_ROM.v:11]
WARNING: [Synth 8-3848] Net ROM in module/entity pac_ROM does not have driver. [C:/Users/admin/Documents/FPGA/FPGA-Pac-Man/pacman/pacman.srcs/sources_1/new/Display/board/pac_ROM.v:11]
WARNING: [Synth 8-3848] Net ROM in module/entity pac_ROM does not have driver. [C:/Users/admin/Documents/FPGA/FPGA-Pac-Man/pacman/pacman.srcs/sources_1/new/Display/board/pac_ROM.v:11]
WARNING: [Synth 8-3848] Net ROM in module/entity pac_ROM does not have driver. [C:/Users/admin/Documents/FPGA/FPGA-Pac-Man/pacman/pacman.srcs/sources_1/new/Display/board/pac_ROM.v:11]
WARNING: [Synth 8-3848] Net ROM in module/entity pac_ROM does not have driver. [C:/Users/admin/Documents/FPGA/FPGA-Pac-Man/pacman/pacman.srcs/sources_1/new/Display/board/pac_ROM.v:11]
WARNING: [Synth 8-3848] Net ROM in module/entity pac_ROM does not have driver. [C:/Users/admin/Documents/FPGA/FPGA-Pac-Man/pacman/pacman.srcs/sources_1/new/Display/board/pac_ROM.v:11]
WARNING: [Synth 8-3848] Net ROM in module/entity pac_ROM does not have driver. [C:/Users/admin/Documents/FPGA/FPGA-Pac-Man/pacman/pacman.srcs/sources_1/new/Display/board/pac_ROM.v:11]
WARNING: [Synth 8-3848] Net ROM in module/entity pac_ROM does not have driver. [C:/Users/admin/Documents/FPGA/FPGA-Pac-Man/pacman/pacman.srcs/sources_1/new/Display/board/pac_ROM.v:11]
WARNING: [Synth 8-3848] Net ROM in module/entity pac_ROM does not have driver. [C:/Users/admin/Documents/FPGA/FPGA-Pac-Man/pacman/pacman.srcs/sources_1/new/Display/board/pac_ROM.v:11]
WARNING: [Synth 8-3848] Net ROM in module/entity pac_ROM does not have driver. [C:/Users/admin/Documents/FPGA/FPGA-Pac-Man/pacman/pacman.srcs/sources_1/new/Display/board/pac_ROM.v:11]
WARNING: [Synth 8-3848] Net ROM in module/entity pac_ROM does not have driver. [C:/Users/admin/Documents/FPGA/FPGA-Pac-Man/pacman/pacman.srcs/sources_1/new/Display/board/pac_ROM.v:11]
WARNING: [Synth 8-3848] Net ROM in module/entity pac_ROM does not have driver. [C:/Users/admin/Documents/FPGA/FPGA-Pac-Man/pacman/pacman.srcs/sources_1/new/Display/board/pac_ROM.v:11]
WARNING: [Synth 8-3848] Net ROM in module/entity pac_ROM does not have driver. [C:/Users/admin/Documents/FPGA/FPGA-Pac-Man/pacman/pacman.srcs/sources_1/new/Display/board/pac_ROM.v:11]
WARNING: [Synth 8-3848] Net ROM in module/entity pac_ROM does not have driver. [C:/Users/admin/Documents/FPGA/FPGA-Pac-Man/pacman/pacman.srcs/sources_1/new/Display/board/pac_ROM.v:11]
WARNING: [Synth 8-3848] Net ROM in module/entity pac_ROM does not have driver. [C:/Users/admin/Documents/FPGA/FPGA-Pac-Man/pacman/pacman.srcs/sources_1/new/Display/board/pac_ROM.v:11]
WARNING: [Synth 8-3848] Net ROM in module/entity pac_ROM does not have driver. [C:/Users/admin/Documents/FPGA/FPGA-Pac-Man/pacman/pacman.srcs/sources_1/new/Display/board/pac_ROM.v:11]
WARNING: [Synth 8-3848] Net ROM in module/entity pac_ROM does not have driver. [C:/Users/admin/Documents/FPGA/FPGA-Pac-Man/pacman/pacman.srcs/sources_1/new/Display/board/pac_ROM.v:11]
WARNING: [Synth 8-3848] Net ROM in module/entity pac_ROM does not have driver. [C:/Users/admin/Documents/FPGA/FPGA-Pac-Man/pacman/pacman.srcs/sources_1/new/Display/board/pac_ROM.v:11]
WARNING: [Synth 8-3848] Net ROM in module/entity pac_ROM does not have driver. [C:/Users/admin/Documents/FPGA/FPGA-Pac-Man/pacman/pacman.srcs/sources_1/new/Display/board/pac_ROM.v:11]
WARNING: [Synth 8-3848] Net ROM in module/entity pac_ROM does not have driver. [C:/Users/admin/Documents/FPGA/FPGA-Pac-Man/pacman/pacman.srcs/sources_1/new/Display/board/pac_ROM.v:11]
WARNING: [Synth 8-3848] Net ROM in module/entity pac_ROM does not have driver. [C:/Users/admin/Documents/FPGA/FPGA-Pac-Man/pacman/pacman.srcs/sources_1/new/Display/board/pac_ROM.v:11]
WARNING: [Synth 8-3848] Net ROM in module/entity pac_ROM does not have driver. [C:/Users/admin/Documents/FPGA/FPGA-Pac-Man/pacman/pacman.srcs/sources_1/new/Display/board/pac_ROM.v:11]
INFO: [Common 17-14] Message 'Synth 8-3848' appears 100 times and further instances of the messages will be disabled. Use the Tcl command set_msg_config to change the current settings.
WARNING: [Synth 8-4767] Trying to implement RAM ' ' in registers. Block RAM or DRAM implementation is not possible; see log for reasons.
	1: Unable to determine number of words or word size in RAM. 
	2: No valid read/write found for RAM. 
RAM dissolved into registers
WARNING: [Synth 8-11357] Potential Runtime issue for 3D-RAM or RAM from Record/Structs for RAM  rgb_reg with 666624 registers
